{"C:\\Users\\MATEO\\Desktop\\Universidad_Trabajos\\ANALISIS Y DISEÑO\\27837_G2_ADS\\Biblioteca de Trabajo\\1. ELICITACIÓN\\1.0 Línea Base\\LBC\\CodigoV3\\Backend\\app.js": {"path":"C:\\Users\\MATEO\\Desktop\\Universidad_Trabajos\\ANALISIS Y DISEÑO\\27837_G2_ADS\\Biblioteca de Trabajo\\1. ELICITACIÓN\\1.0 Línea Base\\LBC\\CodigoV3\\Backend\\app.js","statementMap":{"0":{"start":{"line":1,"column":16},"end":{"line":1,"column":34}},"1":{"start":{"line":2,"column":15},"end":{"line":2,"column":32}},"2":{"start":{"line":3,"column":0},"end":{"line":3,"column":16}},"3":{"start":{"line":5,"column":18},"end":{"line":5,"column":46}},"4":{"start":{"line":7,"column":26},"end":{"line":7,"column":64}},"5":{"start":{"line":8,"column":25},"end":{"line":8,"column":62}},"6":{"start":{"line":9,"column":26},"end":{"line":9,"column":64}},"7":{"start":{"line":10,"column":22},"end":{"line":10,"column":56}},"8":{"start":{"line":11,"column":23},"end":{"line":11,"column":58}},"9":{"start":{"line":12,"column":20},"end":{"line":12,"column":46}},"10":{"start":{"line":14,"column":12},"end":{"line":14,"column":21}},"11":{"start":{"line":15,"column":0},"end":{"line":15,"column":24}},"12":{"start":{"line":18,"column":0},"end":{"line":18,"column":12}},"13":{"start":{"line":21,"column":0},"end":{"line":21,"column":26}},"14":{"start":{"line":24,"column":0},"end":{"line":24,"column":35}},"15":{"start":{"line":25,"column":0},"end":{"line":25,"column":48}},"16":{"start":{"line":26,"column":0},"end":{"line":26,"column":46}},"17":{"start":{"line":27,"column":0},"end":{"line":27,"column":49}},"18":{"start":{"line":28,"column":0},"end":{"line":28,"column":40}},"19":{"start":{"line":29,"column":0},"end":{"line":29,"column":42}},"20":{"start":{"line":31,"column":13},"end":{"line":31,"column":37}},"21":{"start":{"line":33,"column":0},"end":{"line":37,"column":1}},"22":{"start":{"line":34,"column":2},"end":{"line":36,"column":5}},"23":{"start":{"line":35,"column":4},"end":{"line":35,"column":57}},"24":{"start":{"line":39,"column":0},"end":{"line":39,"column":21}}},"fnMap":{"0":{"name":"(anonymous_0)","decl":{"start":{"line":34,"column":19},"end":{"line":34,"column":20}},"loc":{"start":{"line":34,"column":25},"end":{"line":36,"column":3}},"line":34}},"branchMap":{"0":{"loc":{"start":{"line":31,"column":13},"end":{"line":31,"column":37}},"type":"binary-expr","locations":[{"start":{"line":31,"column":13},"end":{"line":31,"column":29}},{"start":{"line":31,"column":33},"end":{"line":31,"column":37}}],"line":31},"1":{"loc":{"start":{"line":33,"column":0},"end":{"line":37,"column":1}},"type":"if","locations":[{"start":{"line":33,"column":0},"end":{"line":37,"column":1}},{"start":{},"end":{}}],"line":33}},"s":{"0":6,"1":6,"2":6,"3":6,"4":6,"5":6,"6":6,"7":6,"8":6,"9":6,"10":6,"11":6,"12":6,"13":6,"14":6,"15":6,"16":6,"17":6,"18":6,"19":6,"20":6,"21":6,"22":0,"23":0,"24":6},"f":{"0":0},"b":{"0":[6,6],"1":[0,6]},"_coverageSchema":"1a1c01bbd47fc00a2c39e90264f33305004495a9","hash":"90ea064da3c1ce2b9898c495d7244215ae2455ff"}
,"C:\\Users\\MATEO\\Desktop\\Universidad_Trabajos\\ANALISIS Y DISEÑO\\27837_G2_ADS\\Biblioteca de Trabajo\\1. ELICITACIÓN\\1.0 Línea Base\\LBC\\CodigoV3\\Backend\\swagger.js": {"path":"C:\\Users\\MATEO\\Desktop\\Universidad_Trabajos\\ANALISIS Y DISEÑO\\27837_G2_ADS\\Biblioteca de Trabajo\\1. ELICITACIÓN\\1.0 Línea Base\\LBC\\CodigoV3\\Backend\\swagger.js","statementMap":{"0":{"start":{"line":1,"column":21},"end":{"line":1,"column":45}},"1":{"start":{"line":2,"column":18},"end":{"line":2,"column":47}},"2":{"start":{"line":4,"column":16},"end":{"line":110,"column":1}},"3":{"start":{"line":112,"column":20},"end":{"line":112,"column":41}},"4":{"start":{"line":114,"column":0},"end":{"line":120,"column":2}},"5":{"start":{"line":115,"column":2},"end":{"line":118,"column":6}},"6":{"start":{"line":119,"column":2},"end":{"line":119,"column":87}}},"fnMap":{"0":{"name":"(anonymous_0)","decl":{"start":{"line":114,"column":17},"end":{"line":114,"column":18}},"loc":{"start":{"line":114,"column":26},"end":{"line":120,"column":1}},"line":114}},"branchMap":{},"s":{"0":6,"1":6,"2":6,"3":6,"4":6,"5":6,"6":6},"f":{"0":6},"b":{},"_coverageSchema":"1a1c01bbd47fc00a2c39e90264f33305004495a9","hash":"23f047679a4aeb22ec70e4d3b5e92aa7fe2950b9"}
,"C:\\Users\\MATEO\\Desktop\\Universidad_Trabajos\\ANALISIS Y DISEÑO\\27837_G2_ADS\\Biblioteca de Trabajo\\1. ELICITACIÓN\\1.0 Línea Base\\LBC\\CodigoV3\\Backend\\middleware\\auth.js": {"path":"C:\\Users\\MATEO\\Desktop\\Universidad_Trabajos\\ANALISIS Y DISEÑO\\27837_G2_ADS\\Biblioteca de Trabajo\\1. ELICITACIÓN\\1.0 Línea Base\\LBC\\CodigoV3\\Backend\\middleware\\auth.js","statementMap":{"0":{"start":{"line":1,"column":12},"end":{"line":1,"column":35}},"1":{"start":{"line":4,"column":21},"end":{"line":4,"column":46}},"2":{"start":{"line":6,"column":2},"end":{"line":8,"column":3}},"3":{"start":{"line":7,"column":4},"end":{"line":7,"column":64}},"4":{"start":{"line":10,"column":16},"end":{"line":10,"column":40}},"5":{"start":{"line":12,"column":2},"end":{"line":18,"column":3}},"6":{"start":{"line":13,"column":20},"end":{"line":13,"column":61}},"7":{"start":{"line":14,"column":4},"end":{"line":14,"column":23}},"8":{"start":{"line":15,"column":4},"end":{"line":15,"column":11}},"9":{"start":{"line":17,"column":4},"end":{"line":17,"column":63}},"10":{"start":{"line":21,"column":0},"end":{"line":21,"column":32}}},"fnMap":{"0":{"name":"authMiddleware","decl":{"start":{"line":3,"column":9},"end":{"line":3,"column":23}},"loc":{"start":{"line":3,"column":40},"end":{"line":19,"column":1}},"line":3}},"branchMap":{"0":{"loc":{"start":{"line":6,"column":2},"end":{"line":8,"column":3}},"type":"if","locations":[{"start":{"line":6,"column":2},"end":{"line":8,"column":3}},{"start":{},"end":{}}],"line":6}},"s":{"0":1,"1":0,"2":0,"3":0,"4":0,"5":0,"6":0,"7":0,"8":0,"9":0,"10":1},"f":{"0":0},"b":{"0":[0,0]},"_coverageSchema":"1a1c01bbd47fc00a2c39e90264f33305004495a9","hash":"dadd9e7b7f67a1f3cb45e5d9af9c7b26777145a5"}
,"C:\\Users\\MATEO\\Desktop\\Universidad_Trabajos\\ANALISIS Y DISEÑO\\27837_G2_ADS\\Biblioteca de Trabajo\\1. ELICITACIÓN\\1.0 Línea Base\\LBC\\CodigoV3\\Backend\\middleware\\authorize.js": {"path":"C:\\Users\\MATEO\\Desktop\\Universidad_Trabajos\\ANALISIS Y DISEÑO\\27837_G2_ADS\\Biblioteca de Trabajo\\1. ELICITACIÓN\\1.0 Línea Base\\LBC\\CodigoV3\\Backend\\middleware\\authorize.js","statementMap":{"0":{"start":{"line":2,"column":2},"end":{"line":9,"column":4}},"1":{"start":{"line":3,"column":4},"end":{"line":7,"column":5}},"2":{"start":{"line":4,"column":6},"end":{"line":6,"column":9}},"3":{"start":{"line":8,"column":4},"end":{"line":8,"column":11}},"4":{"start":{"line":12,"column":0},"end":{"line":12,"column":27}}},"fnMap":{"0":{"name":"authorize","decl":{"start":{"line":1,"column":9},"end":{"line":1,"column":18}},"loc":{"start":{"line":1,"column":31},"end":{"line":10,"column":1}},"line":1},"1":{"name":"(anonymous_1)","decl":{"start":{"line":2,"column":9},"end":{"line":2,"column":10}},"loc":{"start":{"line":2,"column":29},"end":{"line":9,"column":3}},"line":2}},"branchMap":{"0":{"loc":{"start":{"line":1,"column":19},"end":{"line":1,"column":29}},"type":"default-arg","locations":[{"start":{"line":1,"column":27},"end":{"line":1,"column":29}}],"line":1},"1":{"loc":{"start":{"line":3,"column":4},"end":{"line":7,"column":5}},"type":"if","locations":[{"start":{"line":3,"column":4},"end":{"line":7,"column":5}},{"start":{},"end":{}}],"line":3}},"s":{"0":13,"1":0,"2":0,"3":0,"4":1},"f":{"0":13,"1":0},"b":{"0":[0],"1":[0,0]},"_coverageSchema":"1a1c01bbd47fc00a2c39e90264f33305004495a9","hash":"368591c2a8745d7c70c948bb1d1ac24bc24b35f7"}
,"C:\\Users\\MATEO\\Desktop\\Universidad_Trabajos\\ANALISIS Y DISEÑO\\27837_G2_ADS\\Biblioteca de Trabajo\\1. ELICITACIÓN\\1.0 Línea Base\\LBC\\CodigoV3\\Backend\\model\\Dispositivo.js": {"path":"C:\\Users\\MATEO\\Desktop\\Universidad_Trabajos\\ANALISIS Y DISEÑO\\27837_G2_ADS\\Biblioteca de Trabajo\\1. ELICITACIÓN\\1.0 Línea Base\\LBC\\CodigoV3\\Backend\\model\\Dispositivo.js","statementMap":{"0":{"start":{"line":1,"column":17},"end":{"line":1,"column":36}},"1":{"start":{"line":3,"column":26},"end":{"line":13,"column":24}},"2":{"start":{"line":15,"column":0},"end":{"line":15,"column":66}}},"fnMap":{},"branchMap":{},"s":{"0":8,"1":8,"2":8},"f":{},"b":{},"_coverageSchema":"1a1c01bbd47fc00a2c39e90264f33305004495a9","hash":"2f4515032c30f64db6838856dc7f7d5e9a3b416d"}
,"C:\\Users\\MATEO\\Desktop\\Universidad_Trabajos\\ANALISIS Y DISEÑO\\27837_G2_ADS\\Biblioteca de Trabajo\\1. ELICITACIÓN\\1.0 Línea Base\\LBC\\CodigoV3\\Backend\\model\\Estudiante.js": {"path":"C:\\Users\\MATEO\\Desktop\\Universidad_Trabajos\\ANALISIS Y DISEÑO\\27837_G2_ADS\\Biblioteca de Trabajo\\1. ELICITACIÓN\\1.0 Línea Base\\LBC\\CodigoV3\\Backend\\model\\Estudiante.js","statementMap":{"0":{"start":{"line":1,"column":17},"end":{"line":1,"column":36}},"1":{"start":{"line":3,"column":25},"end":{"line":8,"column":24}},"2":{"start":{"line":10,"column":0},"end":{"line":10,"column":64}}},"fnMap":{},"branchMap":{},"s":{"0":7,"1":7,"2":7},"f":{},"b":{},"_coverageSchema":"1a1c01bbd47fc00a2c39e90264f33305004495a9","hash":"0568fbb65577ff8df3a972daac3c9fd9e4ccd72f"}
,"C:\\Users\\MATEO\\Desktop\\Universidad_Trabajos\\ANALISIS Y DISEÑO\\27837_G2_ADS\\Biblioteca de Trabajo\\1. ELICITACIÓN\\1.0 Línea Base\\LBC\\CodigoV3\\Backend\\model\\Inscripcion.js": {"path":"C:\\Users\\MATEO\\Desktop\\Universidad_Trabajos\\ANALISIS Y DISEÑO\\27837_G2_ADS\\Biblioteca de Trabajo\\1. ELICITACIÓN\\1.0 Línea Base\\LBC\\CodigoV3\\Backend\\model\\Inscripcion.js","statementMap":{"0":{"start":{"line":1,"column":17},"end":{"line":1,"column":36}},"1":{"start":{"line":3,"column":26},"end":{"line":7,"column":2}},"2":{"start":{"line":9,"column":0},"end":{"line":9,"column":66}}},"fnMap":{},"branchMap":{},"s":{"0":8,"1":8,"2":8},"f":{},"b":{},"_coverageSchema":"1a1c01bbd47fc00a2c39e90264f33305004495a9","hash":"9c41fc2abcfdb7c40c6cd00aed9ceb69f1d22d51"}
,"C:\\Users\\MATEO\\Desktop\\Universidad_Trabajos\\ANALISIS Y DISEÑO\\27837_G2_ADS\\Biblioteca de Trabajo\\1. ELICITACIÓN\\1.0 Línea Base\\LBC\\CodigoV3\\Backend\\model\\Materia.js": {"path":"C:\\Users\\MATEO\\Desktop\\Universidad_Trabajos\\ANALISIS Y DISEÑO\\27837_G2_ADS\\Biblioteca de Trabajo\\1. ELICITACIÓN\\1.0 Línea Base\\LBC\\CodigoV3\\Backend\\model\\Materia.js","statementMap":{"0":{"start":{"line":1,"column":17},"end":{"line":1,"column":36}},"1":{"start":{"line":3,"column":22},"end":{"line":9,"column":2}},"2":{"start":{"line":11,"column":0},"end":{"line":11,"column":58}}},"fnMap":{},"branchMap":{},"s":{"0":8,"1":8,"2":8},"f":{},"b":{},"_coverageSchema":"1a1c01bbd47fc00a2c39e90264f33305004495a9","hash":"1f99724d47ad5ff7b0cc8969403db2995896b28c"}
,"C:\\Users\\MATEO\\Desktop\\Universidad_Trabajos\\ANALISIS Y DISEÑO\\27837_G2_ADS\\Biblioteca de Trabajo\\1. ELICITACIÓN\\1.0 Línea Base\\LBC\\CodigoV3\\Backend\\model\\Prestamo.js": {"path":"C:\\Users\\MATEO\\Desktop\\Universidad_Trabajos\\ANALISIS Y DISEÑO\\27837_G2_ADS\\Biblioteca de Trabajo\\1. ELICITACIÓN\\1.0 Línea Base\\LBC\\CodigoV3\\Backend\\model\\Prestamo.js","statementMap":{"0":{"start":{"line":1,"column":17},"end":{"line":1,"column":36}},"1":{"start":{"line":3,"column":23},"end":{"line":12,"column":24}},"2":{"start":{"line":14,"column":0},"end":{"line":14,"column":60}}},"fnMap":{},"branchMap":{},"s":{"0":6,"1":6,"2":6},"f":{},"b":{},"_coverageSchema":"1a1c01bbd47fc00a2c39e90264f33305004495a9","hash":"4c5aecd378438867f195601ec9764ded5e3741f4"}
,"C:\\Users\\MATEO\\Desktop\\Universidad_Trabajos\\ANALISIS Y DISEÑO\\27837_G2_ADS\\Biblioteca de Trabajo\\1. ELICITACIÓN\\1.0 Línea Base\\LBC\\CodigoV3\\Backend\\routers\\dispositivoRouter.js": {"path":"C:\\Users\\MATEO\\Desktop\\Universidad_Trabajos\\ANALISIS Y DISEÑO\\27837_G2_ADS\\Biblioteca de Trabajo\\1. ELICITACIÓN\\1.0 Línea Base\\LBC\\CodigoV3\\Backend\\routers\\dispositivoRouter.js","statementMap":{"0":{"start":{"line":1,"column":16},"end":{"line":1,"column":34}},"1":{"start":{"line":2,"column":16},"end":{"line":2,"column":56}},"2":{"start":{"line":3,"column":13},"end":{"line":3,"column":42}},"3":{"start":{"line":4,"column":15},"end":{"line":4,"column":31}},"4":{"start":{"line":7,"column":18},"end":{"line":7,"column":52}},"5":{"start":{"line":119,"column":0},"end":{"line":134,"column":3}},"6":{"start":{"line":120,"column":2},"end":{"line":133,"column":3}},"7":{"start":{"line":121,"column":24},"end":{"line":121,"column":54}},"8":{"start":{"line":122,"column":4},"end":{"line":126,"column":7}},"9":{"start":{"line":128,"column":4},"end":{"line":132,"column":7}},"10":{"start":{"line":167,"column":0},"end":{"line":182,"column":3}},"11":{"start":{"line":168,"column":2},"end":{"line":181,"column":3}},"12":{"start":{"line":169,"column":25},"end":{"line":169,"column":48}},"13":{"start":{"line":170,"column":4},"end":{"line":174,"column":7}},"14":{"start":{"line":176,"column":4},"end":{"line":180,"column":7}},"15":{"start":{"line":223,"column":0},"end":{"line":245,"column":3}},"16":{"start":{"line":224,"column":2},"end":{"line":244,"column":3}},"17":{"start":{"line":225,"column":24},"end":{"line":225,"column":61}},"18":{"start":{"line":226,"column":4},"end":{"line":232,"column":5}},"19":{"start":{"line":227,"column":6},"end":{"line":231,"column":9}},"20":{"start":{"line":233,"column":4},"end":{"line":237,"column":7}},"21":{"start":{"line":239,"column":4},"end":{"line":243,"column":7}},"22":{"start":{"line":304,"column":0},"end":{"line":326,"column":3}},"23":{"start":{"line":305,"column":2},"end":{"line":325,"column":3}},"24":{"start":{"line":306,"column":24},"end":{"line":306,"column":69}},"25":{"start":{"line":307,"column":4},"end":{"line":313,"column":5}},"26":{"start":{"line":308,"column":6},"end":{"line":312,"column":9}},"27":{"start":{"line":314,"column":4},"end":{"line":318,"column":7}},"28":{"start":{"line":320,"column":4},"end":{"line":324,"column":7}},"29":{"start":{"line":368,"column":0},"end":{"line":390,"column":3}},"30":{"start":{"line":369,"column":2},"end":{"line":389,"column":3}},"31":{"start":{"line":370,"column":24},"end":{"line":370,"column":59}},"32":{"start":{"line":371,"column":4},"end":{"line":377,"column":5}},"33":{"start":{"line":372,"column":6},"end":{"line":376,"column":9}},"34":{"start":{"line":378,"column":4},"end":{"line":382,"column":7}},"35":{"start":{"line":384,"column":4},"end":{"line":388,"column":7}},"36":{"start":{"line":392,"column":0},"end":{"line":392,"column":24}}},"fnMap":{"0":{"name":"(anonymous_0)","decl":{"start":{"line":119,"column":56},"end":{"line":119,"column":57}},"loc":{"start":{"line":119,"column":76},"end":{"line":134,"column":1}},"line":119},"1":{"name":"(anonymous_1)","decl":{"start":{"line":167,"column":22},"end":{"line":167,"column":23}},"loc":{"start":{"line":167,"column":42},"end":{"line":182,"column":1}},"line":167},"2":{"name":"(anonymous_2)","decl":{"start":{"line":223,"column":25},"end":{"line":223,"column":26}},"loc":{"start":{"line":223,"column":45},"end":{"line":245,"column":1}},"line":223},"3":{"name":"(anonymous_3)","decl":{"start":{"line":304,"column":58},"end":{"line":304,"column":59}},"loc":{"start":{"line":304,"column":78},"end":{"line":326,"column":1}},"line":304},"4":{"name":"(anonymous_4)","decl":{"start":{"line":368,"column":61},"end":{"line":368,"column":62}},"loc":{"start":{"line":368,"column":81},"end":{"line":390,"column":1}},"line":368}},"branchMap":{"0":{"loc":{"start":{"line":226,"column":4},"end":{"line":232,"column":5}},"type":"if","locations":[{"start":{"line":226,"column":4},"end":{"line":232,"column":5}},{"start":{},"end":{}}],"line":226},"1":{"loc":{"start":{"line":307,"column":4},"end":{"line":313,"column":5}},"type":"if","locations":[{"start":{"line":307,"column":4},"end":{"line":313,"column":5}},{"start":{},"end":{}}],"line":307},"2":{"loc":{"start":{"line":371,"column":4},"end":{"line":377,"column":5}},"type":"if","locations":[{"start":{"line":371,"column":4},"end":{"line":377,"column":5}},{"start":{},"end":{}}],"line":371}},"s":{"0":6,"1":6,"2":6,"3":6,"4":6,"5":6,"6":1,"7":1,"8":1,"9":0,"10":6,"11":1,"12":1,"13":1,"14":0,"15":6,"16":0,"17":0,"18":0,"19":0,"20":0,"21":0,"22":6,"23":0,"24":0,"25":0,"26":0,"27":0,"28":0,"29":6,"30":0,"31":0,"32":0,"33":0,"34":0,"35":0,"36":6},"f":{"0":1,"1":1,"2":0,"3":0,"4":0},"b":{"0":[0,0],"1":[0,0],"2":[0,0]},"_coverageSchema":"1a1c01bbd47fc00a2c39e90264f33305004495a9","hash":"cbca37e92fdc9812ec3610b467431f54ce6ab3bc"}
,"C:\\Users\\MATEO\\Desktop\\Universidad_Trabajos\\ANALISIS Y DISEÑO\\27837_G2_ADS\\Biblioteca de Trabajo\\1. ELICITACIÓN\\1.0 Línea Base\\LBC\\CodigoV3\\Backend\\routers\\estudianteRouter.js": {"path":"C:\\Users\\MATEO\\Desktop\\Universidad_Trabajos\\ANALISIS Y DISEÑO\\27837_G2_ADS\\Biblioteca de Trabajo\\1. ELICITACIÓN\\1.0 Línea Base\\LBC\\CodigoV3\\Backend\\routers\\estudianteRouter.js","statementMap":{"0":{"start":{"line":1,"column":16},"end":{"line":1,"column":34}},"1":{"start":{"line":2,"column":16},"end":{"line":2,"column":55}},"2":{"start":{"line":3,"column":13},"end":{"line":3,"column":42}},"3":{"start":{"line":4,"column":18},"end":{"line":4,"column":52}},"4":{"start":{"line":5,"column":15},"end":{"line":5,"column":31}},"5":{"start":{"line":102,"column":0},"end":{"line":117,"column":3}},"6":{"start":{"line":103,"column":2},"end":{"line":116,"column":3}},"7":{"start":{"line":104,"column":23},"end":{"line":104,"column":53}},"8":{"start":{"line":105,"column":4},"end":{"line":109,"column":7}},"9":{"start":{"line":111,"column":4},"end":{"line":115,"column":7}},"10":{"start":{"line":152,"column":0},"end":{"line":167,"column":3}},"11":{"start":{"line":153,"column":2},"end":{"line":166,"column":3}},"12":{"start":{"line":154,"column":24},"end":{"line":154,"column":47}},"13":{"start":{"line":155,"column":4},"end":{"line":159,"column":7}},"14":{"start":{"line":161,"column":4},"end":{"line":165,"column":7}},"15":{"start":{"line":211,"column":0},"end":{"line":241,"column":3}},"16":{"start":{"line":212,"column":2},"end":{"line":240,"column":3}},"17":{"start":{"line":213,"column":4},"end":{"line":233,"column":5}},"18":{"start":{"line":214,"column":25},"end":{"line":214,"column":62}},"19":{"start":{"line":215,"column":6},"end":{"line":221,"column":7}},"20":{"start":{"line":216,"column":8},"end":{"line":220,"column":11}},"21":{"start":{"line":222,"column":6},"end":{"line":226,"column":9}},"22":{"start":{"line":228,"column":6},"end":{"line":232,"column":9}},"23":{"start":{"line":235,"column":4},"end":{"line":239,"column":7}},"24":{"start":{"line":299,"column":0},"end":{"line":329,"column":3}},"25":{"start":{"line":300,"column":2},"end":{"line":328,"column":3}},"26":{"start":{"line":301,"column":4},"end":{"line":321,"column":5}},"27":{"start":{"line":302,"column":25},"end":{"line":302,"column":70}},"28":{"start":{"line":303,"column":6},"end":{"line":309,"column":7}},"29":{"start":{"line":304,"column":8},"end":{"line":308,"column":11}},"30":{"start":{"line":310,"column":6},"end":{"line":314,"column":9}},"31":{"start":{"line":316,"column":6},"end":{"line":320,"column":9}},"32":{"start":{"line":323,"column":4},"end":{"line":327,"column":7}},"33":{"start":{"line":371,"column":0},"end":{"line":393,"column":3}},"34":{"start":{"line":372,"column":2},"end":{"line":392,"column":3}},"35":{"start":{"line":373,"column":23},"end":{"line":373,"column":58}},"36":{"start":{"line":374,"column":4},"end":{"line":380,"column":5}},"37":{"start":{"line":375,"column":6},"end":{"line":379,"column":9}},"38":{"start":{"line":381,"column":4},"end":{"line":385,"column":7}},"39":{"start":{"line":387,"column":4},"end":{"line":391,"column":7}},"40":{"start":{"line":395,"column":0},"end":{"line":395,"column":24}}},"fnMap":{"0":{"name":"(anonymous_0)","decl":{"start":{"line":102,"column":17},"end":{"line":102,"column":18}},"loc":{"start":{"line":102,"column":37},"end":{"line":117,"column":1}},"line":102},"1":{"name":"(anonymous_1)","decl":{"start":{"line":152,"column":55},"end":{"line":152,"column":56}},"loc":{"start":{"line":152,"column":75},"end":{"line":167,"column":1}},"line":152},"2":{"name":"(anonymous_2)","decl":{"start":{"line":211,"column":25},"end":{"line":211,"column":26}},"loc":{"start":{"line":211,"column":45},"end":{"line":241,"column":1}},"line":211},"3":{"name":"(anonymous_3)","decl":{"start":{"line":299,"column":25},"end":{"line":299,"column":26}},"loc":{"start":{"line":299,"column":45},"end":{"line":329,"column":1}},"line":299},"4":{"name":"(anonymous_4)","decl":{"start":{"line":371,"column":61},"end":{"line":371,"column":62}},"loc":{"start":{"line":371,"column":81},"end":{"line":393,"column":1}},"line":371}},"branchMap":{"0":{"loc":{"start":{"line":212,"column":2},"end":{"line":240,"column":3}},"type":"if","locations":[{"start":{"line":212,"column":2},"end":{"line":240,"column":3}},{"start":{"line":234,"column":9},"end":{"line":240,"column":3}}],"line":212},"1":{"loc":{"start":{"line":212,"column":6},"end":{"line":212,"column":95}},"type":"binary-expr","locations":[{"start":{"line":212,"column":6},"end":{"line":212,"column":33}},{"start":{"line":212,"column":37},"end":{"line":212,"column":62}},{"start":{"line":212,"column":66},"end":{"line":212,"column":95}}],"line":212},"2":{"loc":{"start":{"line":215,"column":6},"end":{"line":221,"column":7}},"type":"if","locations":[{"start":{"line":215,"column":6},"end":{"line":221,"column":7}},{"start":{},"end":{}}],"line":215},"3":{"loc":{"start":{"line":300,"column":2},"end":{"line":328,"column":3}},"type":"if","locations":[{"start":{"line":300,"column":2},"end":{"line":328,"column":3}},{"start":{"line":322,"column":9},"end":{"line":328,"column":3}}],"line":300},"4":{"loc":{"start":{"line":300,"column":6},"end":{"line":300,"column":95}},"type":"binary-expr","locations":[{"start":{"line":300,"column":6},"end":{"line":300,"column":33}},{"start":{"line":300,"column":37},"end":{"line":300,"column":62}},{"start":{"line":300,"column":66},"end":{"line":300,"column":95}}],"line":300},"5":{"loc":{"start":{"line":303,"column":6},"end":{"line":309,"column":7}},"type":"if","locations":[{"start":{"line":303,"column":6},"end":{"line":309,"column":7}},{"start":{},"end":{}}],"line":303},"6":{"loc":{"start":{"line":374,"column":4},"end":{"line":380,"column":5}},"type":"if","locations":[{"start":{"line":374,"column":4},"end":{"line":380,"column":5}},{"start":{},"end":{}}],"line":374}},"s":{"0":6,"1":6,"2":6,"3":6,"4":6,"5":6,"6":2,"7":2,"8":1,"9":1,"10":6,"11":0,"12":0,"13":0,"14":0,"15":6,"16":0,"17":0,"18":0,"19":0,"20":0,"21":0,"22":0,"23":0,"24":6,"25":0,"26":0,"27":0,"28":0,"29":0,"30":0,"31":0,"32":0,"33":6,"34":0,"35":0,"36":0,"37":0,"38":0,"39":0,"40":6},"f":{"0":2,"1":0,"2":0,"3":0,"4":0},"b":{"0":[0,0],"1":[0,0,0],"2":[0,0],"3":[0,0],"4":[0,0,0],"5":[0,0],"6":[0,0]},"_coverageSchema":"1a1c01bbd47fc00a2c39e90264f33305004495a9","hash":"da9cea94dae263a177f9adb79a03a7245462f2e7"}
,"C:\\Users\\MATEO\\Desktop\\Universidad_Trabajos\\ANALISIS Y DISEÑO\\27837_G2_ADS\\Biblioteca de Trabajo\\1. ELICITACIÓN\\1.0 Línea Base\\LBC\\CodigoV3\\Backend\\routers\\inscripcionRouter.js": {"path":"C:\\Users\\MATEO\\Desktop\\Universidad_Trabajos\\ANALISIS Y DISEÑO\\27837_G2_ADS\\Biblioteca de Trabajo\\1. ELICITACIÓN\\1.0 Línea Base\\LBC\\CodigoV3\\Backend\\routers\\inscripcionRouter.js","statementMap":{"0":{"start":{"line":1,"column":16},"end":{"line":1,"column":34}},"1":{"start":{"line":2,"column":16},"end":{"line":2,"column":56}},"2":{"start":{"line":3,"column":13},"end":{"line":3,"column":42}},"3":{"start":{"line":4,"column":18},"end":{"line":4,"column":52}},"4":{"start":{"line":5,"column":15},"end":{"line":5,"column":31}},"5":{"start":{"line":95,"column":0},"end":{"line":110,"column":3}},"6":{"start":{"line":96,"column":2},"end":{"line":109,"column":3}},"7":{"start":{"line":97,"column":24},"end":{"line":97,"column":54}},"8":{"start":{"line":98,"column":4},"end":{"line":102,"column":7}},"9":{"start":{"line":104,"column":4},"end":{"line":108,"column":7}},"10":{"start":{"line":143,"column":0},"end":{"line":158,"column":3}},"11":{"start":{"line":144,"column":2},"end":{"line":157,"column":3}},"12":{"start":{"line":145,"column":26},"end":{"line":145,"column":49}},"13":{"start":{"line":146,"column":4},"end":{"line":150,"column":7}},"14":{"start":{"line":152,"column":4},"end":{"line":156,"column":7}},"15":{"start":{"line":199,"column":0},"end":{"line":221,"column":3}},"16":{"start":{"line":200,"column":2},"end":{"line":220,"column":3}},"17":{"start":{"line":201,"column":24},"end":{"line":201,"column":61}},"18":{"start":{"line":202,"column":4},"end":{"line":208,"column":5}},"19":{"start":{"line":203,"column":6},"end":{"line":207,"column":9}},"20":{"start":{"line":209,"column":4},"end":{"line":213,"column":7}},"21":{"start":{"line":215,"column":4},"end":{"line":219,"column":7}},"22":{"start":{"line":277,"column":0},"end":{"line":299,"column":3}},"23":{"start":{"line":278,"column":2},"end":{"line":298,"column":3}},"24":{"start":{"line":279,"column":24},"end":{"line":279,"column":69}},"25":{"start":{"line":280,"column":4},"end":{"line":286,"column":5}},"26":{"start":{"line":281,"column":6},"end":{"line":285,"column":9}},"27":{"start":{"line":287,"column":4},"end":{"line":291,"column":7}},"28":{"start":{"line":293,"column":4},"end":{"line":297,"column":7}},"29":{"start":{"line":341,"column":0},"end":{"line":363,"column":3}},"30":{"start":{"line":342,"column":2},"end":{"line":362,"column":3}},"31":{"start":{"line":343,"column":24},"end":{"line":343,"column":59}},"32":{"start":{"line":344,"column":4},"end":{"line":350,"column":5}},"33":{"start":{"line":345,"column":6},"end":{"line":349,"column":9}},"34":{"start":{"line":351,"column":4},"end":{"line":355,"column":7}},"35":{"start":{"line":357,"column":4},"end":{"line":361,"column":7}},"36":{"start":{"line":365,"column":0},"end":{"line":365,"column":24}}},"fnMap":{"0":{"name":"(anonymous_0)","decl":{"start":{"line":95,"column":56},"end":{"line":95,"column":57}},"loc":{"start":{"line":95,"column":76},"end":{"line":110,"column":1}},"line":95},"1":{"name":"(anonymous_1)","decl":{"start":{"line":143,"column":22},"end":{"line":143,"column":23}},"loc":{"start":{"line":143,"column":42},"end":{"line":158,"column":1}},"line":143},"2":{"name":"(anonymous_2)","decl":{"start":{"line":199,"column":25},"end":{"line":199,"column":26}},"loc":{"start":{"line":199,"column":45},"end":{"line":221,"column":1}},"line":199},"3":{"name":"(anonymous_3)","decl":{"start":{"line":277,"column":58},"end":{"line":277,"column":59}},"loc":{"start":{"line":277,"column":78},"end":{"line":299,"column":1}},"line":277},"4":{"name":"(anonymous_4)","decl":{"start":{"line":341,"column":61},"end":{"line":341,"column":62}},"loc":{"start":{"line":341,"column":81},"end":{"line":363,"column":1}},"line":341}},"branchMap":{"0":{"loc":{"start":{"line":202,"column":4},"end":{"line":208,"column":5}},"type":"if","locations":[{"start":{"line":202,"column":4},"end":{"line":208,"column":5}},{"start":{},"end":{}}],"line":202},"1":{"loc":{"start":{"line":280,"column":4},"end":{"line":286,"column":5}},"type":"if","locations":[{"start":{"line":280,"column":4},"end":{"line":286,"column":5}},{"start":{},"end":{}}],"line":280},"2":{"loc":{"start":{"line":344,"column":4},"end":{"line":350,"column":5}},"type":"if","locations":[{"start":{"line":344,"column":4},"end":{"line":350,"column":5}},{"start":{},"end":{}}],"line":344}},"s":{"0":6,"1":6,"2":6,"3":6,"4":6,"5":6,"6":1,"7":1,"8":1,"9":0,"10":6,"11":1,"12":1,"13":1,"14":0,"15":6,"16":0,"17":0,"18":0,"19":0,"20":0,"21":0,"22":6,"23":0,"24":0,"25":0,"26":0,"27":0,"28":0,"29":6,"30":0,"31":0,"32":0,"33":0,"34":0,"35":0,"36":6},"f":{"0":1,"1":1,"2":0,"3":0,"4":0},"b":{"0":[0,0],"1":[0,0],"2":[0,0]},"_coverageSchema":"1a1c01bbd47fc00a2c39e90264f33305004495a9","hash":"21e3b250af3479ff3df630c5e44c9b15c3231d97"}
,"C:\\Users\\MATEO\\Desktop\\Universidad_Trabajos\\ANALISIS Y DISEÑO\\27837_G2_ADS\\Biblioteca de Trabajo\\1. ELICITACIÓN\\1.0 Línea Base\\LBC\\CodigoV3\\Backend\\routers\\login.js": {"path":"C:\\Users\\MATEO\\Desktop\\Universidad_Trabajos\\ANALISIS Y DISEÑO\\27837_G2_ADS\\Biblioteca de Trabajo\\1. ELICITACIÓN\\1.0 Línea Base\\LBC\\CodigoV3\\Backend\\routers\\login.js","statementMap":{"0":{"start":{"line":63,"column":16},"end":{"line":63,"column":34}},"1":{"start":{"line":64,"column":17},"end":{"line":64,"column":36}},"2":{"start":{"line":65,"column":12},"end":{"line":65,"column":35}},"3":{"start":{"line":66,"column":19},"end":{"line":66,"column":49}},"4":{"start":{"line":67,"column":0},"end":{"line":67,"column":27}},"5":{"start":{"line":69,"column":15},"end":{"line":69,"column":31}},"6":{"start":{"line":72,"column":0},"end":{"line":125,"column":3}},"7":{"start":{"line":73,"column":30},"end":{"line":73,"column":38}},"8":{"start":{"line":74,"column":2},"end":{"line":80,"column":3}},"9":{"start":{"line":75,"column":4},"end":{"line":79,"column":7}},"10":{"start":{"line":81,"column":2},"end":{"line":124,"column":3}},"11":{"start":{"line":83,"column":23},"end":{"line":83,"column":58}},"12":{"start":{"line":84,"column":4},"end":{"line":84,"column":41}},"13":{"start":{"line":85,"column":4},"end":{"line":85,"column":54}},"14":{"start":{"line":86,"column":4},"end":{"line":86,"column":49}},"15":{"start":{"line":87,"column":4},"end":{"line":87,"column":58}},"16":{"start":{"line":89,"column":15},"end":{"line":89,"column":19}},"17":{"start":{"line":90,"column":15},"end":{"line":90,"column":19}},"18":{"start":{"line":91,"column":4},"end":{"line":100,"column":5}},"19":{"start":{"line":92,"column":6},"end":{"line":92,"column":24}},"20":{"start":{"line":93,"column":6},"end":{"line":93,"column":26}},"21":{"start":{"line":94,"column":11},"end":{"line":100,"column":5}},"22":{"start":{"line":95,"column":6},"end":{"line":95,"column":52}},"23":{"start":{"line":96,"column":6},"end":{"line":96,"column":21}},"24":{"start":{"line":97,"column":11},"end":{"line":100,"column":5}},"25":{"start":{"line":98,"column":6},"end":{"line":98,"column":56}},"26":{"start":{"line":99,"column":6},"end":{"line":99,"column":23}},"27":{"start":{"line":101,"column":4},"end":{"line":107,"column":5}},"28":{"start":{"line":102,"column":6},"end":{"line":106,"column":9}},"29":{"start":{"line":108,"column":18},"end":{"line":112,"column":5}},"30":{"start":{"line":113,"column":4},"end":{"line":117,"column":7}},"31":{"start":{"line":119,"column":4},"end":{"line":123,"column":7}},"32":{"start":{"line":127,"column":0},"end":{"line":127,"column":24}}},"fnMap":{"0":{"name":"(anonymous_0)","decl":{"start":{"line":72,"column":17},"end":{"line":72,"column":18}},"loc":{"start":{"line":72,"column":37},"end":{"line":125,"column":1}},"line":72}},"branchMap":{"0":{"loc":{"start":{"line":74,"column":2},"end":{"line":80,"column":3}},"type":"if","locations":[{"start":{"line":74,"column":2},"end":{"line":80,"column":3}},{"start":{},"end":{}}],"line":74},"1":{"loc":{"start":{"line":74,"column":6},"end":{"line":74,"column":25}},"type":"binary-expr","locations":[{"start":{"line":74,"column":6},"end":{"line":74,"column":12}},{"start":{"line":74,"column":16},"end":{"line":74,"column":25}}],"line":74},"2":{"loc":{"start":{"line":91,"column":4},"end":{"line":100,"column":5}},"type":"if","locations":[{"start":{"line":91,"column":4},"end":{"line":100,"column":5}},{"start":{"line":94,"column":11},"end":{"line":100,"column":5}}],"line":91},"3":{"loc":{"start":{"line":91,"column":8},"end":{"line":91,"column":54}},"type":"binary-expr","locations":[{"start":{"line":91,"column":8},"end":{"line":91,"column":18}},{"start":{"line":91,"column":22},"end":{"line":91,"column":54}}],"line":91},"4":{"loc":{"start":{"line":94,"column":11},"end":{"line":100,"column":5}},"type":"if","locations":[{"start":{"line":94,"column":11},"end":{"line":100,"column":5}},{"start":{"line":97,"column":11},"end":{"line":100,"column":5}}],"line":94},"5":{"loc":{"start":{"line":94,"column":15},"end":{"line":94,"column":91}},"type":"binary-expr","locations":[{"start":{"line":94,"column":15},"end":{"line":94,"column":48}},{"start":{"line":94,"column":52},"end":{"line":94,"column":91}}],"line":94},"6":{"loc":{"start":{"line":97,"column":11},"end":{"line":100,"column":5}},"type":"if","locations":[{"start":{"line":97,"column":11},"end":{"line":100,"column":5}},{"start":{},"end":{}}],"line":97},"7":{"loc":{"start":{"line":97,"column":15},"end":{"line":97,"column":95}},"type":"binary-expr","locations":[{"start":{"line":97,"column":15},"end":{"line":97,"column":50}},{"start":{"line":97,"column":54},"end":{"line":97,"column":95}}],"line":97},"8":{"loc":{"start":{"line":101,"column":4},"end":{"line":107,"column":5}},"type":"if","locations":[{"start":{"line":101,"column":4},"end":{"line":107,"column":5}},{"start":{},"end":{}}],"line":101}},"s":{"0":6,"1":6,"2":6,"3":6,"4":6,"5":6,"6":6,"7":3,"8":3,"9":0,"10":3,"11":3,"12":3,"13":3,"14":3,"15":3,"16":3,"17":3,"18":3,"19":1,"20":1,"21":2,"22":1,"23":1,"24":1,"25":0,"26":0,"27":3,"28":1,"29":2,"30":2,"31":0,"32":6},"f":{"0":3},"b":{"0":[0,3],"1":[3,3],"2":[1,2],"3":[3,1],"4":[1,1],"5":[2,1],"6":[0,1],"7":[1,0],"8":[1,2]},"_coverageSchema":"1a1c01bbd47fc00a2c39e90264f33305004495a9","hash":"10a1eae81e1af260ee3efa61a1c4f4e59e8dba9f"}
,"C:\\Users\\MATEO\\Desktop\\Universidad_Trabajos\\ANALISIS Y DISEÑO\\27837_G2_ADS\\Biblioteca de Trabajo\\1. ELICITACIÓN\\1.0 Línea Base\\LBC\\CodigoV3\\Backend\\routers\\materiaRouter.js": {"path":"C:\\Users\\MATEO\\Desktop\\Universidad_Trabajos\\ANALISIS Y DISEÑO\\27837_G2_ADS\\Biblioteca de Trabajo\\1. ELICITACIÓN\\1.0 Línea Base\\LBC\\CodigoV3\\Backend\\routers\\materiaRouter.js","statementMap":{"0":{"start":{"line":1,"column":16},"end":{"line":1,"column":34}},"1":{"start":{"line":2,"column":16},"end":{"line":2,"column":52}},"2":{"start":{"line":3,"column":13},"end":{"line":3,"column":42}},"3":{"start":{"line":4,"column":18},"end":{"line":4,"column":52}},"4":{"start":{"line":5,"column":15},"end":{"line":5,"column":31}},"5":{"start":{"line":115,"column":0},"end":{"line":130,"column":3}},"6":{"start":{"line":116,"column":2},"end":{"line":129,"column":3}},"7":{"start":{"line":117,"column":20},"end":{"line":117,"column":50}},"8":{"start":{"line":118,"column":4},"end":{"line":122,"column":7}},"9":{"start":{"line":124,"column":4},"end":{"line":128,"column":7}},"10":{"start":{"line":163,"column":0},"end":{"line":178,"column":3}},"11":{"start":{"line":164,"column":2},"end":{"line":177,"column":3}},"12":{"start":{"line":165,"column":21},"end":{"line":165,"column":44}},"13":{"start":{"line":166,"column":4},"end":{"line":170,"column":7}},"14":{"start":{"line":172,"column":4},"end":{"line":176,"column":7}},"15":{"start":{"line":219,"column":0},"end":{"line":241,"column":3}},"16":{"start":{"line":220,"column":2},"end":{"line":240,"column":3}},"17":{"start":{"line":221,"column":20},"end":{"line":221,"column":57}},"18":{"start":{"line":222,"column":4},"end":{"line":228,"column":5}},"19":{"start":{"line":223,"column":6},"end":{"line":227,"column":9}},"20":{"start":{"line":229,"column":4},"end":{"line":233,"column":7}},"21":{"start":{"line":235,"column":4},"end":{"line":239,"column":7}},"22":{"start":{"line":302,"column":0},"end":{"line":324,"column":3}},"23":{"start":{"line":303,"column":2},"end":{"line":323,"column":3}},"24":{"start":{"line":304,"column":20},"end":{"line":304,"column":65}},"25":{"start":{"line":305,"column":4},"end":{"line":311,"column":5}},"26":{"start":{"line":306,"column":6},"end":{"line":310,"column":9}},"27":{"start":{"line":312,"column":4},"end":{"line":316,"column":7}},"28":{"start":{"line":318,"column":4},"end":{"line":322,"column":7}},"29":{"start":{"line":366,"column":0},"end":{"line":388,"column":3}},"30":{"start":{"line":367,"column":2},"end":{"line":387,"column":3}},"31":{"start":{"line":368,"column":20},"end":{"line":368,"column":55}},"32":{"start":{"line":369,"column":4},"end":{"line":375,"column":5}},"33":{"start":{"line":370,"column":6},"end":{"line":374,"column":9}},"34":{"start":{"line":376,"column":4},"end":{"line":380,"column":7}},"35":{"start":{"line":382,"column":4},"end":{"line":386,"column":7}},"36":{"start":{"line":390,"column":0},"end":{"line":390,"column":24}}},"fnMap":{"0":{"name":"(anonymous_0)","decl":{"start":{"line":115,"column":56},"end":{"line":115,"column":57}},"loc":{"start":{"line":115,"column":76},"end":{"line":130,"column":1}},"line":115},"1":{"name":"(anonymous_1)","decl":{"start":{"line":163,"column":22},"end":{"line":163,"column":23}},"loc":{"start":{"line":163,"column":42},"end":{"line":178,"column":1}},"line":163},"2":{"name":"(anonymous_2)","decl":{"start":{"line":219,"column":25},"end":{"line":219,"column":26}},"loc":{"start":{"line":219,"column":45},"end":{"line":241,"column":1}},"line":219},"3":{"name":"(anonymous_3)","decl":{"start":{"line":302,"column":58},"end":{"line":302,"column":59}},"loc":{"start":{"line":302,"column":78},"end":{"line":324,"column":1}},"line":302},"4":{"name":"(anonymous_4)","decl":{"start":{"line":366,"column":61},"end":{"line":366,"column":62}},"loc":{"start":{"line":366,"column":81},"end":{"line":388,"column":1}},"line":366}},"branchMap":{"0":{"loc":{"start":{"line":222,"column":4},"end":{"line":228,"column":5}},"type":"if","locations":[{"start":{"line":222,"column":4},"end":{"line":228,"column":5}},{"start":{},"end":{}}],"line":222},"1":{"loc":{"start":{"line":305,"column":4},"end":{"line":311,"column":5}},"type":"if","locations":[{"start":{"line":305,"column":4},"end":{"line":311,"column":5}},{"start":{},"end":{}}],"line":305},"2":{"loc":{"start":{"line":369,"column":4},"end":{"line":375,"column":5}},"type":"if","locations":[{"start":{"line":369,"column":4},"end":{"line":375,"column":5}},{"start":{},"end":{}}],"line":369}},"s":{"0":6,"1":6,"2":6,"3":6,"4":6,"5":6,"6":1,"7":1,"8":1,"9":0,"10":6,"11":1,"12":1,"13":1,"14":0,"15":6,"16":0,"17":0,"18":0,"19":0,"20":0,"21":0,"22":6,"23":0,"24":0,"25":0,"26":0,"27":0,"28":0,"29":6,"30":0,"31":0,"32":0,"33":0,"34":0,"35":0,"36":6},"f":{"0":1,"1":1,"2":0,"3":0,"4":0},"b":{"0":[0,0],"1":[0,0],"2":[0,0]},"_coverageSchema":"1a1c01bbd47fc00a2c39e90264f33305004495a9","hash":"8260eb1c691ce48401af3604a1bddb170b5a330b"}
,"C:\\Users\\MATEO\\Desktop\\Universidad_Trabajos\\ANALISIS Y DISEÑO\\27837_G2_ADS\\Biblioteca de Trabajo\\1. ELICITACIÓN\\1.0 Línea Base\\LBC\\CodigoV3\\Backend\\routers\\prestamoRouter.js": {"path":"C:\\Users\\MATEO\\Desktop\\Universidad_Trabajos\\ANALISIS Y DISEÑO\\27837_G2_ADS\\Biblioteca de Trabajo\\1. ELICITACIÓN\\1.0 Línea Base\\LBC\\CodigoV3\\Backend\\routers\\prestamoRouter.js","statementMap":{"0":{"start":{"line":2,"column":16},"end":{"line":2,"column":34}},"1":{"start":{"line":3,"column":16},"end":{"line":3,"column":53}},"2":{"start":{"line":4,"column":13},"end":{"line":4,"column":42}},"3":{"start":{"line":5,"column":18},"end":{"line":5,"column":52}},"4":{"start":{"line":6,"column":15},"end":{"line":6,"column":31}},"5":{"start":{"line":143,"column":0},"end":{"line":158,"column":3}},"6":{"start":{"line":144,"column":2},"end":{"line":157,"column":3}},"7":{"start":{"line":145,"column":21},"end":{"line":145,"column":61}},"8":{"start":{"line":146,"column":4},"end":{"line":150,"column":7}},"9":{"start":{"line":152,"column":4},"end":{"line":156,"column":7}},"10":{"start":{"line":192,"column":0},"end":{"line":212,"column":3}},"11":{"start":{"line":193,"column":2},"end":{"line":211,"column":3}},"12":{"start":{"line":195,"column":4},"end":{"line":199,"column":5}},"13":{"start":{"line":196,"column":6},"end":{"line":196,"column":42}},"14":{"start":{"line":198,"column":6},"end":{"line":198,"column":76}},"15":{"start":{"line":200,"column":4},"end":{"line":204,"column":7}},"16":{"start":{"line":206,"column":4},"end":{"line":210,"column":7}},"17":{"start":{"line":241,"column":0},"end":{"line":252,"column":3}},"18":{"start":{"line":242,"column":2},"end":{"line":251,"column":3}},"19":{"start":{"line":243,"column":22},"end":{"line":243,"column":79}},"20":{"start":{"line":244,"column":4},"end":{"line":248,"column":7}},"21":{"start":{"line":250,"column":4},"end":{"line":250,"column":68}},"22":{"start":{"line":281,"column":0},"end":{"line":299,"column":3}},"23":{"start":{"line":282,"column":2},"end":{"line":298,"column":3}},"24":{"start":{"line":283,"column":21},"end":{"line":283,"column":74}},"25":{"start":{"line":284,"column":4},"end":{"line":290,"column":5}},"26":{"start":{"line":285,"column":6},"end":{"line":289,"column":9}},"27":{"start":{"line":291,"column":4},"end":{"line":295,"column":7}},"28":{"start":{"line":297,"column":4},"end":{"line":297,"column":68}},"29":{"start":{"line":342,"column":0},"end":{"line":372,"column":3}},"30":{"start":{"line":343,"column":2},"end":{"line":371,"column":3}},"31":{"start":{"line":344,"column":21},"end":{"line":344,"column":58}},"32":{"start":{"line":345,"column":4},"end":{"line":351,"column":5}},"33":{"start":{"line":346,"column":6},"end":{"line":350,"column":9}},"34":{"start":{"line":352,"column":4},"end":{"line":364,"column":5}},"35":{"start":{"line":353,"column":6},"end":{"line":357,"column":9}},"36":{"start":{"line":359,"column":6},"end":{"line":363,"column":9}},"37":{"start":{"line":366,"column":4},"end":{"line":370,"column":7}},"38":{"start":{"line":425,"column":0},"end":{"line":447,"column":3}},"39":{"start":{"line":426,"column":2},"end":{"line":446,"column":3}},"40":{"start":{"line":427,"column":21},"end":{"line":427,"column":66}},"41":{"start":{"line":428,"column":4},"end":{"line":434,"column":5}},"42":{"start":{"line":429,"column":6},"end":{"line":433,"column":9}},"43":{"start":{"line":435,"column":4},"end":{"line":439,"column":7}},"44":{"start":{"line":441,"column":4},"end":{"line":445,"column":7}},"45":{"start":{"line":490,"column":0},"end":{"line":521,"column":3}},"46":{"start":{"line":491,"column":2},"end":{"line":520,"column":3}},"47":{"start":{"line":492,"column":21},"end":{"line":492,"column":58}},"48":{"start":{"line":493,"column":4},"end":{"line":499,"column":5}},"49":{"start":{"line":494,"column":6},"end":{"line":498,"column":9}},"50":{"start":{"line":500,"column":4},"end":{"line":513,"column":5}},"51":{"start":{"line":501,"column":22},"end":{"line":501,"column":57}},"52":{"start":{"line":502,"column":6},"end":{"line":506,"column":9}},"53":{"start":{"line":508,"column":6},"end":{"line":512,"column":9}},"54":{"start":{"line":515,"column":4},"end":{"line":519,"column":7}},"55":{"start":{"line":523,"column":0},"end":{"line":523,"column":24}}},"fnMap":{"0":{"name":"(anonymous_0)","decl":{"start":{"line":143,"column":50},"end":{"line":143,"column":51}},"loc":{"start":{"line":143,"column":70},"end":{"line":158,"column":1}},"line":143},"1":{"name":"(anonymous_1)","decl":{"start":{"line":192,"column":22},"end":{"line":192,"column":23}},"loc":{"start":{"line":192,"column":42},"end":{"line":212,"column":1}},"line":192},"2":{"name":"(anonymous_2)","decl":{"start":{"line":241,"column":31},"end":{"line":241,"column":32}},"loc":{"start":{"line":241,"column":51},"end":{"line":252,"column":1}},"line":241},"3":{"name":"(anonymous_3)","decl":{"start":{"line":281,"column":28},"end":{"line":281,"column":29}},"loc":{"start":{"line":281,"column":48},"end":{"line":299,"column":1}},"line":281},"4":{"name":"(anonymous_4)","decl":{"start":{"line":342,"column":25},"end":{"line":342,"column":26}},"loc":{"start":{"line":342,"column":45},"end":{"line":372,"column":1}},"line":342},"5":{"name":"(anonymous_5)","decl":{"start":{"line":425,"column":58},"end":{"line":425,"column":59}},"loc":{"start":{"line":425,"column":78},"end":{"line":447,"column":1}},"line":425},"6":{"name":"(anonymous_6)","decl":{"start":{"line":490,"column":28},"end":{"line":490,"column":29}},"loc":{"start":{"line":490,"column":48},"end":{"line":521,"column":1}},"line":490}},"branchMap":{"0":{"loc":{"start":{"line":195,"column":4},"end":{"line":199,"column":5}},"type":"if","locations":[{"start":{"line":195,"column":4},"end":{"line":199,"column":5}},{"start":{"line":197,"column":11},"end":{"line":199,"column":5}}],"line":195},"1":{"loc":{"start":{"line":195,"column":8},"end":{"line":195,"column":64}},"type":"binary-expr","locations":[{"start":{"line":195,"column":8},"end":{"line":195,"column":35}},{"start":{"line":195,"column":39},"end":{"line":195,"column":64}}],"line":195},"2":{"loc":{"start":{"line":284,"column":4},"end":{"line":290,"column":5}},"type":"if","locations":[{"start":{"line":284,"column":4},"end":{"line":290,"column":5}},{"start":{},"end":{}}],"line":284},"3":{"loc":{"start":{"line":345,"column":4},"end":{"line":351,"column":5}},"type":"if","locations":[{"start":{"line":345,"column":4},"end":{"line":351,"column":5}},{"start":{},"end":{}}],"line":345},"4":{"loc":{"start":{"line":352,"column":4},"end":{"line":364,"column":5}},"type":"if","locations":[{"start":{"line":352,"column":4},"end":{"line":364,"column":5}},{"start":{"line":358,"column":11},"end":{"line":364,"column":5}}],"line":352},"5":{"loc":{"start":{"line":352,"column":8},"end":{"line":352,"column":107}},"type":"binary-expr","locations":[{"start":{"line":352,"column":8},"end":{"line":352,"column":35}},{"start":{"line":352,"column":39},"end":{"line":352,"column":64}},{"start":{"line":352,"column":68},"end":{"line":352,"column":107}}],"line":352},"6":{"loc":{"start":{"line":428,"column":4},"end":{"line":434,"column":5}},"type":"if","locations":[{"start":{"line":428,"column":4},"end":{"line":434,"column":5}},{"start":{},"end":{}}],"line":428},"7":{"loc":{"start":{"line":493,"column":4},"end":{"line":499,"column":5}},"type":"if","locations":[{"start":{"line":493,"column":4},"end":{"line":499,"column":5}},{"start":{},"end":{}}],"line":493},"8":{"loc":{"start":{"line":500,"column":4},"end":{"line":513,"column":5}},"type":"if","locations":[{"start":{"line":500,"column":4},"end":{"line":513,"column":5}},{"start":{"line":507,"column":11},"end":{"line":513,"column":5}}],"line":500},"9":{"loc":{"start":{"line":500,"column":8},"end":{"line":500,"column":107}},"type":"binary-expr","locations":[{"start":{"line":500,"column":8},"end":{"line":500,"column":35}},{"start":{"line":500,"column":39},"end":{"line":500,"column":64}},{"start":{"line":500,"column":68},"end":{"line":500,"column":107}}],"line":500}},"s":{"0":6,"1":6,"2":6,"3":6,"4":6,"5":6,"6":1,"7":1,"8":1,"9":0,"10":6,"11":0,"12":0,"13":0,"14":0,"15":0,"16":0,"17":6,"18":1,"19":1,"20":1,"21":0,"22":6,"23":1,"24":1,"25":1,"26":1,"27":0,"28":0,"29":6,"30":0,"31":0,"32":0,"33":0,"34":0,"35":0,"36":0,"37":0,"38":6,"39":0,"40":0,"41":0,"42":0,"43":0,"44":0,"45":6,"46":0,"47":0,"48":0,"49":0,"50":0,"51":0,"52":0,"53":0,"54":0,"55":6},"f":{"0":1,"1":0,"2":1,"3":1,"4":0,"5":0,"6":0},"b":{"0":[0,0],"1":[0,0],"2":[1,0],"3":[0,0],"4":[0,0],"5":[0,0,0],"6":[0,0],"7":[0,0],"8":[0,0],"9":[0,0,0]},"_coverageSchema":"1a1c01bbd47fc00a2c39e90264f33305004495a9","hash":"4e584b743421be4d95c6e31046b30f43abe37779"}
,"C:\\Users\\MATEO\\Desktop\\Universidad_Trabajos\\ANALISIS Y DISEÑO\\27837_G2_ADS\\Biblioteca de Trabajo\\1. ELICITACIÓN\\1.0 Línea Base\\LBC\\CodigoV3\\Backend\\service\\dispositivoService.js": {"path":"C:\\Users\\MATEO\\Desktop\\Universidad_Trabajos\\ANALISIS Y DISEÑO\\27837_G2_ADS\\Biblioteca de Trabajo\\1. ELICITACIÓN\\1.0 Línea Base\\LBC\\CodigoV3\\Backend\\service\\dispositivoService.js","statementMap":{"0":{"start":{"line":1,"column":20},"end":{"line":1,"column":51}},"1":{"start":{"line":4,"column":25},"end":{"line":4,"column":73}},"2":{"start":{"line":5,"column":2},"end":{"line":9,"column":3}},"3":{"start":{"line":6,"column":4},"end":{"line":8,"column":5}},"4":{"start":{"line":7,"column":6},"end":{"line":7,"column":91}},"5":{"start":{"line":10,"column":24},"end":{"line":10,"column":77}},"6":{"start":{"line":11,"column":2},"end":{"line":13,"column":3}},"7":{"start":{"line":12,"column":4},"end":{"line":12,"column":79}},"8":{"start":{"line":16,"column":0},"end":{"line":34,"column":2}},"9":{"start":{"line":18,"column":4},"end":{"line":18,"column":30}},"10":{"start":{"line":19,"column":4},"end":{"line":19,"column":42}},"11":{"start":{"line":22,"column":4},"end":{"line":22,"column":36}},"12":{"start":{"line":25,"column":4},"end":{"line":25,"column":42}},"13":{"start":{"line":28,"column":4},"end":{"line":28,"column":30}},"14":{"start":{"line":29,"column":4},"end":{"line":29,"column":72}},"15":{"start":{"line":32,"column":4},"end":{"line":32,"column":51}}},"fnMap":{"0":{"name":"validateDispositivo","decl":{"start":{"line":3,"column":9},"end":{"line":3,"column":28}},"loc":{"start":{"line":3,"column":35},"end":{"line":14,"column":1}},"line":3},"1":{"name":"(anonymous_1)","decl":{"start":{"line":17,"column":2},"end":{"line":17,"column":3}},"loc":{"start":{"line":17,"column":21},"end":{"line":20,"column":3}},"line":17},"2":{"name":"(anonymous_2)","decl":{"start":{"line":21,"column":2},"end":{"line":21,"column":3}},"loc":{"start":{"line":21,"column":18},"end":{"line":23,"column":3}},"line":21},"3":{"name":"(anonymous_3)","decl":{"start":{"line":24,"column":2},"end":{"line":24,"column":3}},"loc":{"start":{"line":24,"column":21},"end":{"line":26,"column":3}},"line":24},"4":{"name":"(anonymous_4)","decl":{"start":{"line":27,"column":2},"end":{"line":27,"column":3}},"loc":{"start":{"line":27,"column":25},"end":{"line":30,"column":3}},"line":27},"5":{"name":"(anonymous_5)","decl":{"start":{"line":31,"column":2},"end":{"line":31,"column":3}},"loc":{"start":{"line":31,"column":19},"end":{"line":33,"column":3}},"line":31}},"branchMap":{"0":{"loc":{"start":{"line":6,"column":4},"end":{"line":8,"column":5}},"type":"if","locations":[{"start":{"line":6,"column":4},"end":{"line":8,"column":5}},{"start":{},"end":{}}],"line":6},"1":{"loc":{"start":{"line":6,"column":8},"end":{"line":6,"column":84}},"type":"binary-expr","locations":[{"start":{"line":6,"column":8},"end":{"line":6,"column":20}},{"start":{"line":6,"column":24},"end":{"line":6,"column":55}},{"start":{"line":6,"column":59},"end":{"line":6,"column":84}}],"line":6},"2":{"loc":{"start":{"line":11,"column":2},"end":{"line":13,"column":3}},"type":"if","locations":[{"start":{"line":11,"column":2},"end":{"line":13,"column":3}},{"start":{},"end":{}}],"line":11}},"s":{"0":6,"1":0,"2":0,"3":0,"4":0,"5":0,"6":0,"7":0,"8":6,"9":0,"10":0,"11":0,"12":0,"13":0,"14":0,"15":0},"f":{"0":0,"1":0,"2":0,"3":0,"4":0,"5":0},"b":{"0":[0,0],"1":[0,0,0],"2":[0,0]},"_coverageSchema":"1a1c01bbd47fc00a2c39e90264f33305004495a9","hash":"bfb239ed85605b49a60a06b951b4cee9d0899108"}
,"C:\\Users\\MATEO\\Desktop\\Universidad_Trabajos\\ANALISIS Y DISEÑO\\27837_G2_ADS\\Biblioteca de Trabajo\\1. ELICITACIÓN\\1.0 Línea Base\\LBC\\CodigoV3\\Backend\\service\\estudianteService.js": {"path":"C:\\Users\\MATEO\\Desktop\\Universidad_Trabajos\\ANALISIS Y DISEÑO\\27837_G2_ADS\\Biblioteca de Trabajo\\1. ELICITACIÓN\\1.0 Línea Base\\LBC\\CodigoV3\\Backend\\service\\estudianteService.js","statementMap":{"0":{"start":{"line":1,"column":19},"end":{"line":1,"column":49}},"1":{"start":{"line":3,"column":0},"end":{"line":22,"column":2}},"2":{"start":{"line":5,"column":4},"end":{"line":5,"column":41}},"3":{"start":{"line":8,"column":4},"end":{"line":8,"column":35}},"4":{"start":{"line":11,"column":4},"end":{"line":11,"column":41}},"5":{"start":{"line":14,"column":4},"end":{"line":14,"column":48}},"6":{"start":{"line":17,"column":4},"end":{"line":17,"column":71}},"7":{"start":{"line":20,"column":4},"end":{"line":20,"column":50}}},"fnMap":{"0":{"name":"(anonymous_0)","decl":{"start":{"line":4,"column":2},"end":{"line":4,"column":3}},"loc":{"start":{"line":4,"column":21},"end":{"line":6,"column":3}},"line":4},"1":{"name":"(anonymous_1)","decl":{"start":{"line":7,"column":2},"end":{"line":7,"column":3}},"loc":{"start":{"line":7,"column":18},"end":{"line":9,"column":3}},"line":7},"2":{"name":"(anonymous_2)","decl":{"start":{"line":10,"column":2},"end":{"line":10,"column":3}},"loc":{"start":{"line":10,"column":21},"end":{"line":12,"column":3}},"line":10},"3":{"name":"(anonymous_3)","decl":{"start":{"line":13,"column":2},"end":{"line":13,"column":3}},"loc":{"start":{"line":13,"column":29},"end":{"line":15,"column":3}},"line":13},"4":{"name":"(anonymous_4)","decl":{"start":{"line":16,"column":2},"end":{"line":16,"column":3}},"loc":{"start":{"line":16,"column":25},"end":{"line":18,"column":3}},"line":16},"5":{"name":"(anonymous_5)","decl":{"start":{"line":19,"column":2},"end":{"line":19,"column":3}},"loc":{"start":{"line":19,"column":19},"end":{"line":21,"column":3}},"line":19}},"branchMap":{},"s":{"0":6,"1":6,"2":0,"3":0,"4":0,"5":0,"6":0,"7":0},"f":{"0":0,"1":0,"2":0,"3":0,"4":0,"5":0},"b":{},"_coverageSchema":"1a1c01bbd47fc00a2c39e90264f33305004495a9","hash":"a19f1860b72a4fcca512ade5b4399dbbbc35b55c"}
,"C:\\Users\\MATEO\\Desktop\\Universidad_Trabajos\\ANALISIS Y DISEÑO\\27837_G2_ADS\\Biblioteca de Trabajo\\1. ELICITACIÓN\\1.0 Línea Base\\LBC\\CodigoV3\\Backend\\service\\inscripcionService.js": {"path":"C:\\Users\\MATEO\\Desktop\\Universidad_Trabajos\\ANALISIS Y DISEÑO\\27837_G2_ADS\\Biblioteca de Trabajo\\1. ELICITACIÓN\\1.0 Línea Base\\LBC\\CodigoV3\\Backend\\service\\inscripcionService.js","statementMap":{"0":{"start":{"line":1,"column":20},"end":{"line":1,"column":51}},"1":{"start":{"line":3,"column":0},"end":{"line":25,"column":2}},"2":{"start":{"line":5,"column":4},"end":{"line":5,"column":42}},"3":{"start":{"line":8,"column":4},"end":{"line":8,"column":36}},"4":{"start":{"line":11,"column":4},"end":{"line":11,"column":42}},"5":{"start":{"line":14,"column":4},"end":{"line":14,"column":52}},"6":{"start":{"line":17,"column":4},"end":{"line":17,"column":49}},"7":{"start":{"line":20,"column":4},"end":{"line":20,"column":72}},"8":{"start":{"line":23,"column":4},"end":{"line":23,"column":51}}},"fnMap":{"0":{"name":"(anonymous_0)","decl":{"start":{"line":4,"column":2},"end":{"line":4,"column":3}},"loc":{"start":{"line":4,"column":21},"end":{"line":6,"column":3}},"line":4},"1":{"name":"(anonymous_1)","decl":{"start":{"line":7,"column":2},"end":{"line":7,"column":3}},"loc":{"start":{"line":7,"column":18},"end":{"line":9,"column":3}},"line":7},"2":{"name":"(anonymous_2)","decl":{"start":{"line":10,"column":2},"end":{"line":10,"column":3}},"loc":{"start":{"line":10,"column":21},"end":{"line":12,"column":3}},"line":10},"3":{"name":"(anonymous_3)","decl":{"start":{"line":13,"column":2},"end":{"line":13,"column":3}},"loc":{"start":{"line":13,"column":41},"end":{"line":15,"column":3}},"line":13},"4":{"name":"(anonymous_4)","decl":{"start":{"line":16,"column":2},"end":{"line":16,"column":3}},"loc":{"start":{"line":16,"column":35},"end":{"line":18,"column":3}},"line":16},"5":{"name":"(anonymous_5)","decl":{"start":{"line":19,"column":2},"end":{"line":19,"column":3}},"loc":{"start":{"line":19,"column":25},"end":{"line":21,"column":3}},"line":19},"6":{"name":"(anonymous_6)","decl":{"start":{"line":22,"column":2},"end":{"line":22,"column":3}},"loc":{"start":{"line":22,"column":19},"end":{"line":24,"column":3}},"line":22}},"branchMap":{},"s":{"0":6,"1":6,"2":0,"3":0,"4":0,"5":0,"6":0,"7":0,"8":0},"f":{"0":0,"1":0,"2":0,"3":0,"4":0,"5":0,"6":0},"b":{},"_coverageSchema":"1a1c01bbd47fc00a2c39e90264f33305004495a9","hash":"810810294f4c9b09b7a042b717d6d3e93767de1b"}
,"C:\\Users\\MATEO\\Desktop\\Universidad_Trabajos\\ANALISIS Y DISEÑO\\27837_G2_ADS\\Biblioteca de Trabajo\\1. ELICITACIÓN\\1.0 Línea Base\\LBC\\CodigoV3\\Backend\\service\\materiaService.js": {"path":"C:\\Users\\MATEO\\Desktop\\Universidad_Trabajos\\ANALISIS Y DISEÑO\\27837_G2_ADS\\Biblioteca de Trabajo\\1. ELICITACIÓN\\1.0 Línea Base\\LBC\\CodigoV3\\Backend\\service\\materiaService.js","statementMap":{"0":{"start":{"line":1,"column":16},"end":{"line":1,"column":43}},"1":{"start":{"line":3,"column":0},"end":{"line":25,"column":2}},"2":{"start":{"line":5,"column":4},"end":{"line":5,"column":38}},"3":{"start":{"line":8,"column":4},"end":{"line":8,"column":32}},"4":{"start":{"line":11,"column":4},"end":{"line":11,"column":38}},"5":{"start":{"line":14,"column":4},"end":{"line":14,"column":42}},"6":{"start":{"line":17,"column":4},"end":{"line":17,"column":45}},"7":{"start":{"line":20,"column":4},"end":{"line":20,"column":68}},"8":{"start":{"line":23,"column":4},"end":{"line":23,"column":47}}},"fnMap":{"0":{"name":"(anonymous_0)","decl":{"start":{"line":4,"column":2},"end":{"line":4,"column":3}},"loc":{"start":{"line":4,"column":21},"end":{"line":6,"column":3}},"line":4},"1":{"name":"(anonymous_1)","decl":{"start":{"line":7,"column":2},"end":{"line":7,"column":3}},"loc":{"start":{"line":7,"column":18},"end":{"line":9,"column":3}},"line":7},"2":{"name":"(anonymous_2)","decl":{"start":{"line":10,"column":2},"end":{"line":10,"column":3}},"loc":{"start":{"line":10,"column":21},"end":{"line":12,"column":3}},"line":10},"3":{"name":"(anonymous_3)","decl":{"start":{"line":13,"column":2},"end":{"line":13,"column":3}},"loc":{"start":{"line":13,"column":29},"end":{"line":15,"column":3}},"line":13},"4":{"name":"(anonymous_4)","decl":{"start":{"line":16,"column":2},"end":{"line":16,"column":3}},"loc":{"start":{"line":16,"column":35},"end":{"line":18,"column":3}},"line":16},"5":{"name":"(anonymous_5)","decl":{"start":{"line":19,"column":2},"end":{"line":19,"column":3}},"loc":{"start":{"line":19,"column":25},"end":{"line":21,"column":3}},"line":19},"6":{"name":"(anonymous_6)","decl":{"start":{"line":22,"column":2},"end":{"line":22,"column":3}},"loc":{"start":{"line":22,"column":19},"end":{"line":24,"column":3}},"line":22}},"branchMap":{},"s":{"0":6,"1":6,"2":0,"3":0,"4":0,"5":0,"6":0,"7":0,"8":0},"f":{"0":0,"1":0,"2":0,"3":0,"4":0,"5":0,"6":0},"b":{},"_coverageSchema":"1a1c01bbd47fc00a2c39e90264f33305004495a9","hash":"64449e2141675fd5f541c9f36b627a76f1c82993"}
,"C:\\Users\\MATEO\\Desktop\\Universidad_Trabajos\\ANALISIS Y DISEÑO\\27837_G2_ADS\\Biblioteca de Trabajo\\1. ELICITACIÓN\\1.0 Línea Base\\LBC\\CodigoV3\\Backend\\service\\prestamoService.js": {"path":"C:\\Users\\MATEO\\Desktop\\Universidad_Trabajos\\ANALISIS Y DISEÑO\\27837_G2_ADS\\Biblioteca de Trabajo\\1. ELICITACIÓN\\1.0 Línea Base\\LBC\\CodigoV3\\Backend\\service\\prestamoService.js","statementMap":{"0":{"start":{"line":1,"column":17},"end":{"line":1,"column":45}},"1":{"start":{"line":3,"column":20},"end":{"line":3,"column":51}},"2":{"start":{"line":4,"column":20},"end":{"line":4,"column":51}},"3":{"start":{"line":5,"column":16},"end":{"line":5,"column":43}},"4":{"start":{"line":6,"column":17},"end":{"line":6,"column":36}},"5":{"start":{"line":9,"column":2},"end":{"line":12,"column":37}},"6":{"start":{"line":15,"column":0},"end":{"line":146,"column":2}},"7":{"start":{"line":17,"column":4},"end":{"line":17,"column":54}},"8":{"start":{"line":20,"column":4},"end":{"line":20,"column":75}},"9":{"start":{"line":24,"column":4},"end":{"line":26,"column":5}},"10":{"start":{"line":25,"column":6},"end":{"line":25,"column":71}},"11":{"start":{"line":28,"column":22},"end":{"line":28,"column":42}},"12":{"start":{"line":29,"column":20},"end":{"line":29,"column":38}},"13":{"start":{"line":30,"column":16},"end":{"line":30,"column":26}},"14":{"start":{"line":32,"column":4},"end":{"line":34,"column":5}},"15":{"start":{"line":33,"column":6},"end":{"line":33,"column":51}},"16":{"start":{"line":36,"column":4},"end":{"line":38,"column":5}},"17":{"start":{"line":37,"column":6},"end":{"line":37,"column":77}},"18":{"start":{"line":40,"column":4},"end":{"line":42,"column":5}},"19":{"start":{"line":41,"column":6},"end":{"line":41,"column":68}},"20":{"start":{"line":45,"column":4},"end":{"line":89,"column":5}},"21":{"start":{"line":46,"column":28},"end":{"line":48,"column":8}},"22":{"start":{"line":50,"column":6},"end":{"line":52,"column":7}},"23":{"start":{"line":51,"column":8},"end":{"line":51,"column":56}},"24":{"start":{"line":54,"column":23},"end":{"line":56,"column":8}},"25":{"start":{"line":55,"column":43},"end":{"line":55,"column":54}},"26":{"start":{"line":58,"column":24},"end":{"line":60,"column":8}},"27":{"start":{"line":62,"column":29},"end":{"line":62,"column":53}},"28":{"start":{"line":65,"column":8},"end":{"line":65,"column":58}},"29":{"start":{"line":67,"column":8},"end":{"line":67,"column":54}},"30":{"start":{"line":69,"column":28},"end":{"line":80,"column":8}},"31":{"start":{"line":70,"column":30},"end":{"line":70,"column":42}},"32":{"start":{"line":71,"column":27},"end":{"line":71,"column":37}},"33":{"start":{"line":73,"column":40},"end":{"line":73,"column":65}},"34":{"start":{"line":75,"column":8},"end":{"line":79,"column":10}},"35":{"start":{"line":82,"column":6},"end":{"line":86,"column":7}},"36":{"start":{"line":83,"column":8},"end":{"line":85,"column":10}},"37":{"start":{"line":88,"column":6},"end":{"line":88,"column":39}},"38":{"start":{"line":92,"column":20},"end":{"line":92,"column":49}},"39":{"start":{"line":95,"column":4},"end":{"line":124,"column":7}},"40":{"start":{"line":96,"column":26},"end":{"line":108,"column":7}},"41":{"start":{"line":110,"column":6},"end":{"line":112,"column":7}},"42":{"start":{"line":111,"column":8},"end":{"line":111,"column":72}},"43":{"start":{"line":114,"column":6},"end":{"line":114,"column":43}},"44":{"start":{"line":115,"column":6},"end":{"line":115,"column":28}},"45":{"start":{"line":116,"column":6},"end":{"line":116,"column":32}},"46":{"start":{"line":117,"column":6},"end":{"line":117,"column":29}},"47":{"start":{"line":118,"column":6},"end":{"line":121,"column":23}},"48":{"start":{"line":123,"column":6},"end":{"line":123,"column":66}},"49":{"start":{"line":126,"column":4},"end":{"line":126,"column":31}},"50":{"start":{"line":127,"column":4},"end":{"line":127,"column":29}},"51":{"start":{"line":130,"column":4},"end":{"line":130,"column":33}},"52":{"start":{"line":133,"column":4},"end":{"line":133,"column":39}},"53":{"start":{"line":136,"column":4},"end":{"line":136,"column":69}},"54":{"start":{"line":140,"column":21},"end":{"line":140,"column":97}},"55":{"start":{"line":141,"column":4},"end":{"line":143,"column":5}},"56":{"start":{"line":142,"column":6},"end":{"line":142,"column":92}},"57":{"start":{"line":144,"column":4},"end":{"line":144,"column":20}}},"fnMap":{"0":{"name":"normalizarDia","decl":{"start":{"line":8,"column":9},"end":{"line":8,"column":22}},"loc":{"start":{"line":8,"column":28},"end":{"line":13,"column":1}},"line":8},"1":{"name":"(anonymous_1)","decl":{"start":{"line":16,"column":2},"end":{"line":16,"column":3}},"loc":{"start":{"line":16,"column":50},"end":{"line":18,"column":3}},"line":16},"2":{"name":"(anonymous_2)","decl":{"start":{"line":19,"column":2},"end":{"line":19,"column":3}},"loc":{"start":{"line":19,"column":46},"end":{"line":21,"column":3}},"line":19},"3":{"name":"(anonymous_3)","decl":{"start":{"line":22,"column":2},"end":{"line":22,"column":3}},"loc":{"start":{"line":22,"column":27},"end":{"line":128,"column":3}},"line":22},"4":{"name":"(anonymous_4)","decl":{"start":{"line":55,"column":38},"end":{"line":55,"column":39}},"loc":{"start":{"line":55,"column":43},"end":{"line":55,"column":54}},"line":55},"5":{"name":"(anonymous_5)","decl":{"start":{"line":69,"column":42},"end":{"line":69,"column":43}},"loc":{"start":{"line":69,"column":47},"end":{"line":80,"column":7}},"line":69},"6":{"name":"(anonymous_6)","decl":{"start":{"line":95,"column":34},"end":{"line":95,"column":35}},"loc":{"start":{"line":95,"column":46},"end":{"line":124,"column":5}},"line":95},"7":{"name":"(anonymous_7)","decl":{"start":{"line":129,"column":2},"end":{"line":129,"column":3}},"loc":{"start":{"line":129,"column":18},"end":{"line":131,"column":3}},"line":129},"8":{"name":"(anonymous_8)","decl":{"start":{"line":132,"column":2},"end":{"line":132,"column":3}},"loc":{"start":{"line":132,"column":21},"end":{"line":134,"column":3}},"line":132},"9":{"name":"(anonymous_9)","decl":{"start":{"line":135,"column":2},"end":{"line":135,"column":3}},"loc":{"start":{"line":135,"column":25},"end":{"line":137,"column":3}},"line":135},"10":{"name":"(anonymous_10)","decl":{"start":{"line":138,"column":2},"end":{"line":138,"column":3}},"loc":{"start":{"line":138,"column":19},"end":{"line":145,"column":3}},"line":138}},"branchMap":{"0":{"loc":{"start":{"line":24,"column":4},"end":{"line":26,"column":5}},"type":"if","locations":[{"start":{"line":24,"column":4},"end":{"line":26,"column":5}},{"start":{},"end":{}}],"line":24},"1":{"loc":{"start":{"line":24,"column":8},"end":{"line":24,"column":57}},"type":"binary-expr","locations":[{"start":{"line":24,"column":8},"end":{"line":24,"column":29}},{"start":{"line":24,"column":33},"end":{"line":24,"column":44}},{"start":{"line":24,"column":48},"end":{"line":24,"column":57}}],"line":24},"2":{"loc":{"start":{"line":32,"column":4},"end":{"line":34,"column":5}},"type":"if","locations":[{"start":{"line":32,"column":4},"end":{"line":34,"column":5}},{"start":{},"end":{}}],"line":32},"3":{"loc":{"start":{"line":32,"column":8},"end":{"line":32,"column":42}},"type":"binary-expr","locations":[{"start":{"line":32,"column":8},"end":{"line":32,"column":24}},{"start":{"line":32,"column":28},"end":{"line":32,"column":42}}],"line":32},"4":{"loc":{"start":{"line":36,"column":4},"end":{"line":38,"column":5}},"type":"if","locations":[{"start":{"line":36,"column":4},"end":{"line":38,"column":5}},{"start":{},"end":{}}],"line":36},"5":{"loc":{"start":{"line":40,"column":4},"end":{"line":42,"column":5}},"type":"if","locations":[{"start":{"line":40,"column":4},"end":{"line":42,"column":5}},{"start":{},"end":{}}],"line":40},"6":{"loc":{"start":{"line":45,"column":4},"end":{"line":89,"column":5}},"type":"if","locations":[{"start":{"line":45,"column":4},"end":{"line":89,"column":5}},{"start":{},"end":{}}],"line":45},"7":{"loc":{"start":{"line":50,"column":6},"end":{"line":52,"column":7}},"type":"if","locations":[{"start":{"line":50,"column":6},"end":{"line":52,"column":7}},{"start":{},"end":{}}],"line":50},"8":{"loc":{"start":{"line":76,"column":10},"end":{"line":78,"column":34}},"type":"binary-expr","locations":[{"start":{"line":76,"column":10},"end":{"line":76,"column":58}},{"start":{"line":77,"column":10},"end":{"line":77,"column":40}},{"start":{"line":78,"column":10},"end":{"line":78,"column":34}}],"line":76},"9":{"loc":{"start":{"line":82,"column":6},"end":{"line":86,"column":7}},"type":"if","locations":[{"start":{"line":82,"column":6},"end":{"line":86,"column":7}},{"start":{},"end":{}}],"line":82},"10":{"loc":{"start":{"line":110,"column":6},"end":{"line":112,"column":7}},"type":"if","locations":[{"start":{"line":110,"column":6},"end":{"line":112,"column":7}},{"start":{},"end":{}}],"line":110},"11":{"loc":{"start":{"line":141,"column":4},"end":{"line":143,"column":5}},"type":"if","locations":[{"start":{"line":141,"column":4},"end":{"line":143,"column":5}},{"start":{},"end":{}}],"line":141},"12":{"loc":{"start":{"line":141,"column":8},"end":{"line":141,"column":42}},"type":"binary-expr","locations":[{"start":{"line":141,"column":8},"end":{"line":141,"column":16}},{"start":{"line":141,"column":20},"end":{"line":141,"column":42}}],"line":141}},"s":{"0":6,"1":6,"2":6,"3":6,"4":6,"5":0,"6":6,"7":0,"8":0,"9":0,"10":0,"11":0,"12":0,"13":0,"14":0,"15":0,"16":0,"17":0,"18":0,"19":0,"20":0,"21":0,"22":0,"23":0,"24":0,"25":0,"26":0,"27":0,"28":0,"29":0,"30":0,"31":0,"32":0,"33":0,"34":0,"35":0,"36":0,"37":0,"38":0,"39":0,"40":0,"41":0,"42":0,"43":0,"44":0,"45":0,"46":0,"47":0,"48":0,"49":0,"50":0,"51":0,"52":0,"53":0,"54":0,"55":0,"56":0,"57":0},"f":{"0":0,"1":0,"2":0,"3":0,"4":0,"5":0,"6":0,"7":0,"8":0,"9":0,"10":0},"b":{"0":[0,0],"1":[0,0,0],"2":[0,0],"3":[0,0],"4":[0,0],"5":[0,0],"6":[0,0],"7":[0,0],"8":[0,0,0],"9":[0,0],"10":[0,0],"11":[0,0],"12":[0,0]},"_coverageSchema":"1a1c01bbd47fc00a2c39e90264f33305004495a9","hash":"0d8da9ed3d749fb691bbd582f84b96f46dea32a7"}
}
