TN:
SF:app.js
FN:34,(anonymous_0)
FNF:1
FNH:0
FNDA:0,(anonymous_0)
DA:1,6
DA:2,6
DA:3,6
DA:5,6
DA:7,6
DA:8,6
DA:9,6
DA:10,6
DA:11,6
DA:12,6
DA:14,6
DA:15,6
DA:18,6
DA:21,6
DA:24,6
DA:25,6
DA:26,6
DA:27,6
DA:28,6
DA:29,6
DA:31,6
DA:33,6
DA:34,0
DA:35,0
DA:39,6
LF:25
LH:23
BRDA:31,0,0,6
BRDA:31,0,1,6
BRDA:33,1,0,0
BRDA:33,1,1,6
BRF:4
BRH:3
end_of_record
TN:
SF:swagger.js
FN:114,(anonymous_0)
FNF:1
FNH:1
FNDA:6,(anonymous_0)
DA:1,6
DA:2,6
DA:4,6
DA:112,6
DA:114,6
DA:115,6
DA:119,6
LF:7
LH:7
BRF:0
BRH:0
end_of_record
TN:
SF:middleware\auth.js
FN:3,authMiddleware
FNF:1
FNH:0
FNDA:0,authMiddleware
DA:1,1
DA:4,0
DA:6,0
DA:7,0
DA:10,0
DA:12,0
DA:13,0
DA:14,0
DA:15,0
DA:17,0
DA:21,1
LF:11
LH:2
BRDA:6,0,0,0
BRDA:6,0,1,0
BRF:2
BRH:0
end_of_record
TN:
SF:middleware\authorize.js
FN:1,authorize
FN:2,(anonymous_1)
FNF:2
FNH:1
FNDA:13,authorize
FNDA:0,(anonymous_1)
DA:2,13
DA:3,0
DA:4,0
DA:8,0
DA:12,1
LF:5
LH:2
BRDA:1,0,0,0
BRDA:3,1,0,0
BRDA:3,1,1,0
BRF:3
BRH:0
end_of_record
TN:
SF:model\Dispositivo.js
FNF:0
FNH:0
DA:1,8
DA:3,8
DA:15,8
LF:3
LH:3
BRF:0
BRH:0
end_of_record
TN:
SF:model\Estudiante.js
FNF:0
FNH:0
DA:1,7
DA:3,7
DA:10,7
LF:3
LH:3
BRF:0
BRH:0
end_of_record
TN:
SF:model\Inscripcion.js
FNF:0
FNH:0
DA:1,8
DA:3,8
DA:9,8
LF:3
LH:3
BRF:0
BRH:0
end_of_record
TN:
SF:model\Materia.js
FNF:0
FNH:0
DA:1,8
DA:3,8
DA:11,8
LF:3
LH:3
BRF:0
BRH:0
end_of_record
TN:
SF:model\Prestamo.js
FNF:0
FNH:0
DA:1,6
DA:3,6
DA:14,6
LF:3
LH:3
BRF:0
BRH:0
end_of_record
TN:
SF:routers\dispositivoRouter.js
FN:119,(anonymous_0)
FN:167,(anonymous_1)
FN:223,(anonymous_2)
FN:304,(anonymous_3)
FN:368,(anonymous_4)
FNF:5
FNH:2
FNDA:1,(anonymous_0)
FNDA:1,(anonymous_1)
FNDA:0,(anonymous_2)
FNDA:0,(anonymous_3)
FNDA:0,(anonymous_4)
DA:1,6
DA:2,6
DA:3,6
DA:4,6
DA:7,6
DA:119,6
DA:120,1
DA:121,1
DA:122,1
DA:128,0
DA:167,6
DA:168,1
DA:169,1
DA:170,1
DA:176,0
DA:223,6
DA:224,0
DA:225,0
DA:226,0
DA:227,0
DA:233,0
DA:239,0
DA:304,6
DA:305,0
DA:306,0
DA:307,0
DA:308,0
DA:314,0
DA:320,0
DA:368,6
DA:369,0
DA:370,0
DA:371,0
DA:372,0
DA:378,0
DA:384,0
DA:392,6
LF:37
LH:17
BRDA:226,0,0,0
BRDA:226,0,1,0
BRDA:307,1,0,0
BRDA:307,1,1,0
BRDA:371,2,0,0
BRDA:371,2,1,0
BRF:6
BRH:0
end_of_record
TN:
SF:routers\estudianteRouter.js
FN:102,(anonymous_0)
FN:152,(anonymous_1)
FN:211,(anonymous_2)
FN:299,(anonymous_3)
FN:371,(anonymous_4)
FNF:5
FNH:1
FNDA:2,(anonymous_0)
FNDA:0,(anonymous_1)
FNDA:0,(anonymous_2)
FNDA:0,(anonymous_3)
FNDA:0,(anonymous_4)
DA:1,6
DA:2,6
DA:3,6
DA:4,6
DA:5,6
DA:102,6
DA:103,2
DA:104,2
DA:105,1
DA:111,1
DA:152,6
DA:153,0
DA:154,0
DA:155,0
DA:161,0
DA:211,6
DA:212,0
DA:213,0
DA:214,0
DA:215,0
DA:216,0
DA:222,0
DA:228,0
DA:235,0
DA:299,6
DA:300,0
DA:301,0
DA:302,0
DA:303,0
DA:304,0
DA:310,0
DA:316,0
DA:323,0
DA:371,6
DA:372,0
DA:373,0
DA:374,0
DA:375,0
DA:381,0
DA:387,0
DA:395,6
LF:41
LH:15
BRDA:212,0,0,0
BRDA:212,0,1,0
BRDA:212,1,0,0
BRDA:212,1,1,0
BRDA:212,1,2,0
BRDA:215,2,0,0
BRDA:215,2,1,0
BRDA:300,3,0,0
BRDA:300,3,1,0
BRDA:300,4,0,0
BRDA:300,4,1,0
BRDA:300,4,2,0
BRDA:303,5,0,0
BRDA:303,5,1,0
BRDA:374,6,0,0
BRDA:374,6,1,0
BRF:16
BRH:0
end_of_record
TN:
SF:routers\inscripcionRouter.js
FN:95,(anonymous_0)
FN:143,(anonymous_1)
FN:199,(anonymous_2)
FN:277,(anonymous_3)
FN:341,(anonymous_4)
FNF:5
FNH:2
FNDA:1,(anonymous_0)
FNDA:1,(anonymous_1)
FNDA:0,(anonymous_2)
FNDA:0,(anonymous_3)
FNDA:0,(anonymous_4)
DA:1,6
DA:2,6
DA:3,6
DA:4,6
DA:5,6
DA:95,6
DA:96,1
DA:97,1
DA:98,1
DA:104,0
DA:143,6
DA:144,1
DA:145,1
DA:146,1
DA:152,0
DA:199,6
DA:200,0
DA:201,0
DA:202,0
DA:203,0
DA:209,0
DA:215,0
DA:277,6
DA:278,0
DA:279,0
DA:280,0
DA:281,0
DA:287,0
DA:293,0
DA:341,6
DA:342,0
DA:343,0
DA:344,0
DA:345,0
DA:351,0
DA:357,0
DA:365,6
LF:37
LH:17
BRDA:202,0,0,0
BRDA:202,0,1,0
BRDA:280,1,0,0
BRDA:280,1,1,0
BRDA:344,2,0,0
BRDA:344,2,1,0
BRF:6
BRH:0
end_of_record
TN:
SF:routers\login.js
FN:72,(anonymous_0)
FNF:1
FNH:1
FNDA:3,(anonymous_0)
DA:63,6
DA:64,6
DA:65,6
DA:66,6
DA:67,6
DA:69,6
DA:72,6
DA:73,3
DA:74,3
DA:75,0
DA:81,3
DA:83,3
DA:84,3
DA:85,3
DA:86,3
DA:87,3
DA:89,3
DA:90,3
DA:91,3
DA:92,1
DA:93,1
DA:94,2
DA:95,1
DA:96,1
DA:97,1
DA:98,0
DA:99,0
DA:101,3
DA:102,1
DA:108,2
DA:113,2
DA:119,0
DA:127,6
LF:33
LH:29
BRDA:74,0,0,0
BRDA:74,0,1,3
BRDA:74,1,0,3
BRDA:74,1,1,3
BRDA:91,2,0,1
BRDA:91,2,1,2
BRDA:91,3,0,3
BRDA:91,3,1,1
BRDA:94,4,0,1
BRDA:94,4,1,1
BRDA:94,5,0,2
BRDA:94,5,1,1
BRDA:97,6,0,0
BRDA:97,6,1,1
BRDA:97,7,0,1
BRDA:97,7,1,0
BRDA:101,8,0,1
BRDA:101,8,1,2
BRF:18
BRH:15
end_of_record
TN:
SF:routers\materiaRouter.js
FN:115,(anonymous_0)
FN:163,(anonymous_1)
FN:219,(anonymous_2)
FN:302,(anonymous_3)
FN:366,(anonymous_4)
FNF:5
FNH:2
FNDA:1,(anonymous_0)
FNDA:1,(anonymous_1)
FNDA:0,(anonymous_2)
FNDA:0,(anonymous_3)
FNDA:0,(anonymous_4)
DA:1,6
DA:2,6
DA:3,6
DA:4,6
DA:5,6
DA:115,6
DA:116,1
DA:117,1
DA:118,1
DA:124,0
DA:163,6
DA:164,1
DA:165,1
DA:166,1
DA:172,0
DA:219,6
DA:220,0
DA:221,0
DA:222,0
DA:223,0
DA:229,0
DA:235,0
DA:302,6
DA:303,0
DA:304,0
DA:305,0
DA:306,0
DA:312,0
DA:318,0
DA:366,6
DA:367,0
DA:368,0
DA:369,0
DA:370,0
DA:376,0
DA:382,0
DA:390,6
LF:37
LH:17
BRDA:222,0,0,0
BRDA:222,0,1,0
BRDA:305,1,0,0
BRDA:305,1,1,0
BRDA:369,2,0,0
BRDA:369,2,1,0
BRF:6
BRH:0
end_of_record
TN:
SF:routers\prestamoRouter.js
FN:143,(anonymous_0)
FN:192,(anonymous_1)
FN:241,(anonymous_2)
FN:281,(anonymous_3)
FN:342,(anonymous_4)
FN:425,(anonymous_5)
FN:490,(anonymous_6)
FNF:7
FNH:3
FNDA:1,(anonymous_0)
FNDA:0,(anonymous_1)
FNDA:1,(anonymous_2)
FNDA:1,(anonymous_3)
FNDA:0,(anonymous_4)
FNDA:0,(anonymous_5)
FNDA:0,(anonymous_6)
DA:2,6
DA:3,6
DA:4,6
DA:5,6
DA:6,6
DA:143,6
DA:144,1
DA:145,1
DA:146,1
DA:152,0
DA:192,6
DA:193,0
DA:195,0
DA:196,0
DA:198,0
DA:200,0
DA:206,0
DA:241,6
DA:242,1
DA:243,1
DA:244,1
DA:250,0
DA:281,6
DA:282,1
DA:283,1
DA:284,1
DA:285,1
DA:291,0
DA:297,0
DA:342,6
DA:343,0
DA:344,0
DA:345,0
DA:346,0
DA:352,0
DA:353,0
DA:359,0
DA:366,0
DA:425,6
DA:426,0
DA:427,0
DA:428,0
DA:429,0
DA:435,0
DA:441,0
DA:490,6
DA:491,0
DA:492,0
DA:493,0
DA:494,0
DA:500,0
DA:501,0
DA:502,0
DA:508,0
DA:515,0
DA:523,6
LF:56
LH:23
BRDA:195,0,0,0
BRDA:195,0,1,0
BRDA:195,1,0,0
BRDA:195,1,1,0
BRDA:284,2,0,1
BRDA:284,2,1,0
BRDA:345,3,0,0
BRDA:345,3,1,0
BRDA:352,4,0,0
BRDA:352,4,1,0
BRDA:352,5,0,0
BRDA:352,5,1,0
BRDA:352,5,2,0
BRDA:428,6,0,0
BRDA:428,6,1,0
BRDA:493,7,0,0
BRDA:493,7,1,0
BRDA:500,8,0,0
BRDA:500,8,1,0
BRDA:500,9,0,0
BRDA:500,9,1,0
BRDA:500,9,2,0
BRF:22
BRH:1
end_of_record
TN:
SF:service\dispositivoService.js
FN:3,validateDispositivo
FN:17,(anonymous_1)
FN:21,(anonymous_2)
FN:24,(anonymous_3)
FN:27,(anonymous_4)
FN:31,(anonymous_5)
FNF:6
FNH:0
FNDA:0,validateDispositivo
FNDA:0,(anonymous_1)
FNDA:0,(anonymous_2)
FNDA:0,(anonymous_3)
FNDA:0,(anonymous_4)
FNDA:0,(anonymous_5)
DA:1,6
DA:4,0
DA:5,0
DA:6,0
DA:7,0
DA:10,0
DA:11,0
DA:12,0
DA:16,6
DA:18,0
DA:19,0
DA:22,0
DA:25,0
DA:28,0
DA:29,0
DA:32,0
LF:16
LH:2
BRDA:6,0,0,0
BRDA:6,0,1,0
BRDA:6,1,0,0
BRDA:6,1,1,0
BRDA:6,1,2,0
BRDA:11,2,0,0
BRDA:11,2,1,0
BRF:7
BRH:0
end_of_record
TN:
SF:service\estudianteService.js
FN:4,(anonymous_0)
FN:7,(anonymous_1)
FN:10,(anonymous_2)
FN:13,(anonymous_3)
FN:16,(anonymous_4)
FN:19,(anonymous_5)
FNF:6
FNH:0
FNDA:0,(anonymous_0)
FNDA:0,(anonymous_1)
FNDA:0,(anonymous_2)
FNDA:0,(anonymous_3)
FNDA:0,(anonymous_4)
FNDA:0,(anonymous_5)
DA:1,6
DA:3,6
DA:5,0
DA:8,0
DA:11,0
DA:14,0
DA:17,0
DA:20,0
LF:8
LH:2
BRF:0
BRH:0
end_of_record
TN:
SF:service\inscripcionService.js
FN:4,(anonymous_0)
FN:7,(anonymous_1)
FN:10,(anonymous_2)
FN:13,(anonymous_3)
FN:16,(anonymous_4)
FN:19,(anonymous_5)
FN:22,(anonymous_6)
FNF:7
FNH:0
FNDA:0,(anonymous_0)
FNDA:0,(anonymous_1)
FNDA:0,(anonymous_2)
FNDA:0,(anonymous_3)
FNDA:0,(anonymous_4)
FNDA:0,(anonymous_5)
FNDA:0,(anonymous_6)
DA:1,6
DA:3,6
DA:5,0
DA:8,0
DA:11,0
DA:14,0
DA:17,0
DA:20,0
DA:23,0
LF:9
LH:2
BRF:0
BRH:0
end_of_record
TN:
SF:service\materiaService.js
FN:4,(anonymous_0)
FN:7,(anonymous_1)
FN:10,(anonymous_2)
FN:13,(anonymous_3)
FN:16,(anonymous_4)
FN:19,(anonymous_5)
FN:22,(anonymous_6)
FNF:7
FNH:0
FNDA:0,(anonymous_0)
FNDA:0,(anonymous_1)
FNDA:0,(anonymous_2)
FNDA:0,(anonymous_3)
FNDA:0,(anonymous_4)
FNDA:0,(anonymous_5)
FNDA:0,(anonymous_6)
DA:1,6
DA:3,6
DA:5,0
DA:8,0
DA:11,0
DA:14,0
DA:17,0
DA:20,0
DA:23,0
LF:9
LH:2
BRF:0
BRH:0
end_of_record
TN:
SF:service\prestamoService.js
FN:8,normalizarDia
FN:16,(anonymous_1)
FN:19,(anonymous_2)
FN:22,(anonymous_3)
FN:55,(anonymous_4)
FN:69,(anonymous_5)
FN:95,(anonymous_6)
FN:129,(anonymous_7)
FN:132,(anonymous_8)
FN:135,(anonymous_9)
FN:138,(anonymous_10)
FNF:11
FNH:0
FNDA:0,normalizarDia
FNDA:0,(anonymous_1)
FNDA:0,(anonymous_2)
FNDA:0,(anonymous_3)
FNDA:0,(anonymous_4)
FNDA:0,(anonymous_5)
FNDA:0,(anonymous_6)
FNDA:0,(anonymous_7)
FNDA:0,(anonymous_8)
FNDA:0,(anonymous_9)
FNDA:0,(anonymous_10)
DA:1,6
DA:3,6
DA:4,6
DA:5,6
DA:6,6
DA:9,0
DA:15,6
DA:17,0
DA:20,0
DA:24,0
DA:25,0
DA:28,0
DA:29,0
DA:30,0
DA:32,0
DA:33,0
DA:36,0
DA:37,0
DA:40,0
DA:41,0
DA:45,0
DA:46,0
DA:50,0
DA:51,0
DA:54,0
DA:55,0
DA:58,0
DA:62,0
DA:65,0
DA:67,0
DA:69,0
DA:70,0
DA:71,0
DA:73,0
DA:75,0
DA:82,0
DA:83,0
DA:88,0
DA:92,0
DA:95,0
DA:96,0
DA:110,0
DA:111,0
DA:114,0
DA:115,0
DA:116,0
DA:117,0
DA:118,0
DA:123,0
DA:126,0
DA:127,0
DA:130,0
DA:133,0
DA:136,0
DA:140,0
DA:141,0
DA:142,0
DA:144,0
LF:58
LH:6
BRDA:24,0,0,0
BRDA:24,0,1,0
BRDA:24,1,0,0
BRDA:24,1,1,0
BRDA:24,1,2,0
BRDA:32,2,0,0
BRDA:32,2,1,0
BRDA:32,3,0,0
BRDA:32,3,1,0
BRDA:36,4,0,0
BRDA:36,4,1,0
BRDA:40,5,0,0
BRDA:40,5,1,0
BRDA:45,6,0,0
BRDA:45,6,1,0
BRDA:50,7,0,0
BRDA:50,7,1,0
BRDA:76,8,0,0
BRDA:76,8,1,0
BRDA:76,8,2,0
BRDA:82,9,0,0
BRDA:82,9,1,0
BRDA:110,10,0,0
BRDA:110,10,1,0
BRDA:141,11,0,0
BRDA:141,11,1,0
BRDA:141,12,0,0
BRDA:141,12,1,0
BRF:28
BRH:0
end_of_record
